{"level":"debug","time":"2024-02-01T16:12:09.548+0530","caller":"cmd/bin.go:100","msg":"cli os: windows, cli arch: amd64"}
{"level":"debug","time":"2024-02-01T16:12:10.493+0530","caller":"cmd/bin.go:108","msg":"Upstream version: {Name: Min:0.2.152 Max:0.2.152} "}
{"level":"debug","time":"2024-02-01T16:12:12.943+0530","caller":"core/lifecycle.go:116","msg":"Setting environment"}
{"level":"debug","time":"2024-02-01T16:12:12.945+0530","caller":"core/lifecycle.go:119","msg":"Parsing config"}
{"level":"debug","time":"2024-02-01T16:12:12.946+0530","caller":"yamlconfigmanager/setup.go:498","msg":"Custom location for .hyperexecute.yaml specified. Using: hyperexecute.yaml"}
{"level":"debug","time":"2024-02-01T16:12:12.949+0530","caller":"yamlconfigmanager/setup.go:85","msg":"using hyperexecute config from : hyperexecute.yaml"}
{"level":"debug","time":"2024-02-01T16:12:13.314+0530","caller":"yamlconfigmanager/setup.go:1956","msg":"Autodetecting test type in files of path : C:\\HyperExecute Assignment\\java-testng-selenium"}
{"level":"debug","time":"2024-02-01T16:12:13.316+0530","caller":"yamlconfigmanager/setup.go:377","msg":"Tunnel: false"}
{"level":"info","time":"2024-02-01T16:12:13.316+0530","caller":"models/HypertestYamlConfig.go:589","msg":"\n\u001b[4m\u001b[1m\u001b[97mExecution Plan\u001b[0m\u001b[0m\u001b[0m"}
{"level":"info","time":"2024-02-01T16:12:13.317+0530","caller":"models/HypertestYamlConfig.go:393","msg":"Mode:    \u001b[36mautosplit\u001b[0m"}
{"level":"info","time":"2024-02-01T16:12:13.319+0530","caller":"models/HypertestYamlConfig.go:453","msg":"Runson:    \u001b[36mlinux\u001b[0m"}
{"level":"info","time":"2024-02-01T16:12:13.319+0530","caller":"models/HypertestYamlConfig.go:461","msg":"Concurrency:    \u001b[36m1\u001b[0m"}
{"level":"info","time":"2024-02-01T16:12:13.320+0530","caller":"models/HypertestYamlConfig.go:478","msg":"Framework:"}
{"level":"info","time":"2024-02-01T16:12:13.320+0530","caller":"models/HypertestYamlConfig.go:479","msg":"    Name:    \u001b[36mmaven/testng\u001b[0m"}
{"level":"info","time":"2024-02-01T16:12:13.321+0530","caller":"models/HypertestYamlConfig.go:484","msg":"    Flags:"}
{"level":"info","time":"2024-02-01T16:12:13.321+0530","caller":"models/HypertestYamlConfig.go:486","msg":"        \u001b[36m-Dtestngxml=single\u001b[0m"}
{"level":"info","time":"2024-02-01T16:12:13.322+0530","caller":"models/HypertestYamlConfig.go:511","msg":"    discoveryType:    \u001b[36mmethod\u001b[0m"}
{"level":"info","time":"2024-02-01T16:12:13.323+0530","caller":"models/HypertestYamlConfig.go:522","msg":"Report:    \u001b[36mdisabled\u001b[0m"}
{"level":"info","time":"2024-02-01T16:12:13.324+0530","caller":"models/HypertestYamlConfig.go:536","msg":"Artefacts:"}
{"level":"info","time":"2024-02-01T16:12:13.324+0530","caller":"models/HypertestYamlConfig.go:539","msg":"    ExecutionSnapshots:    \u001b[36mtarget/surefire-reports/\u001b[0m"}
{"level":"info","time":"2024-02-01T16:12:13.325+0530","caller":"models/HypertestYamlConfig.go:602","msg":""}
{"level":"debug","time":"2024-02-01T16:12:13.325+0530","caller":"filevalidator/setup.go:46","msg":"Warning: Checking data.json file in current directory, no dataJsonPath found in .hyperexecute.yaml"}
{"level":"debug","time":"2024-02-01T16:12:13.326+0530","caller":"filevalidator/setup.go:50","msg":"Warning: data.json file doesn't exist"}
{"level":"debug","time":"2024-02-01T16:12:13.390+0530","caller":"apiserver/setup.go:129","msg":"Starting API server"}
{"level":"debug","time":"2024-02-01T16:12:13.451+0530","caller":"apiserver/setup.go:98","msg":"Starting API server for test results on port: 9191"}
{"level":"debug","time":"2024-02-01T16:12:14.209+0530","caller":"java/maven.go:78","msg":"got asset version details &{Name: Min:0.7 Max:0.7}"}
{"level":"debug","time":"2024-02-01T16:12:16.848+0530","caller":"java/maven.go:110","msg":"java runner already up to date"}
{"level":"debug","time":"2024-02-01T16:12:16.849+0530","caller":"java/maven.go:297","msg":"bumping version in extension.yml to 0.7"}
{"level":"debug","time":"2024-02-01T16:12:16.849+0530","caller":"testdiscoverer/discoverer.go:159","msg":"Running discovery command mvn test -Dframework=testng -Dtestngxml=single -Dmode=discover -DfailIfNoTests=false"}
{"level":"debug","time":"2024-02-01T16:12:23.478+0530","caller":"testdiscoverer/discoverer.go:193","msg":"Stdout: [INFO] Scanning for projects...\r\n[INFO] Adding surefire-api as dependency in effective pom\r\n[INFO] Configured: Java-TestNG-Selenium\r\n[INFO] \r\n[INFO] -------------< Java-TestNG-Selenium:Java-TestNG-Selenium >--------------\r\n[INFO] Building Java-TestNG-Selenium 0.0.1-SNAPSHOT\r\n[INFO]   from pom.xml\r\n[INFO] --------------------------------[ jar ]---------------------------------\r\n[INFO] \r\n[INFO] --- resources:3.3.1:resources (default-resources) @ Java-TestNG-Selenium ---\r\n[WARNING] Using platform encoding (Cp1252 actually) to copy filtered resources, i.e. build is platform dependent!\r\n[INFO] skip non existing resourceDirectory C:\\HyperExecute Assignment\\java-testng-selenium\\Java-TestNG-Selenium\\src\r\n[INFO] \r\n[INFO] --- compiler:3.7.0:compile (default-compile) @ Java-TestNG-Selenium ---\r\n[INFO] No sources to compile\r\n[INFO] \r\n[INFO] --- resources:3.3.1:testResources (default-testResources) @ Java-TestNG-Selenium ---\r\n[WARNING] Using platform encoding (Cp1252 actually) to copy filtered resources, i.e. build is platform dependent!\r\n[INFO] skip non existing resourceDirectory C:\\HyperExecute Assignment\\java-testng-selenium\\src\\test\\resources\r\n[INFO] \r\n[INFO] --- compiler:3.7.0:testCompile (default-testCompile) @ Java-TestNG-Selenium ---\r\n[INFO] Changes detected - recompiling the module!\r\n[WARNING] File encoding has not been set, using platform encoding Cp1252, i.e. build is platform dependent!\r\n[INFO] Compiling 4 source files to C:\\HyperExecute Assignment\\java-testng-selenium\\target\\test-classes\r\n[INFO] \r\n[INFO] --- surefire:2.19.1:test (default-test) @ Java-TestNG-Selenium ---\r\nDownloading from central: https://repo.maven.apache.org/maven2/commons-codec/commons-codec/1.2/commons-codec-1.2.jar\r\nProgress (1): 1.4/30 kB\rProgress (1): 2.8/30 kB\rProgress (1): 4.1/30 kB\rProgress (1): 5.5/30 kB\rProgress (1): 6.9/30 kB\rProgress (1): 8.3/30 kB\rProgress (1): 9.7/30 kB\rProgress (1): 11/30 kB \rProgress (1): 12/30 kB\rProgress (1): 14/30 kB\rProgress (1): 15/30 kB\rProgress (1): 17/30 kB\rProgress (1): 18/30 kB\rProgress (1): 19/30 kB\rProgress (1): 21/30 kB\rProgress (1): 22/30 kB\rProgress (1): 23/30 kB\rProgress (1): 25/30 kB\rProgress (1): 26/30 kB\rProgress (1): 28/30 kB\rProgress (1): 29/30 kB\rProgress (1): 30 kB   \r                   \rDownloaded from central: https://repo.maven.apache.org/maven2/commons-codec/commons-codec/1.2/commons-codec-1.2.jar (30 kB at 27 kB/s)\r\n\r\n-------------------------------------------------------\r\n T E S T S\r\n-------------------------------------------------------\r\n\r\nResults :\r\n\r\nTests run: 0, Failures: 0, Errors: 0, Skipped: 0\r\n\r\n[INFO] ------------------------------------------------------------------------\r\n[INFO] BUILD FAILURE\r\n[INFO] ------------------------------------------------------------------------\r\n[INFO] Total time:  4.223 s\r\n[INFO] Finished at: 2024-02-01T16:12:23+05:30\r\n[INFO] ------------------------------------------------------------------------\r\n[ERROR] Failed to execute goal org.apache.maven.plugins:maven-surefire-plugin:2.19.1:test (default-test) on project Java-TestNG-Selenium: Execution default-test of goal org.apache.maven.plugins:maven-surefire-plugin:2.19.1:test failed: testSuiteXmlFiles0 has null value -> [Help 1]\r\n[ERROR] \r\n[ERROR] To see the full stack trace of the errors, re-run Maven with the -e switch.\r\n[ERROR] Re-run Maven using the -X switch to enable full debug logging.\r\n[ERROR] \r\n[ERROR] For more information about the errors and possible solutions, please read the following articles:\r\n[ERROR] [Help 1] http://cwiki.apache.org/confluence/display/MAVEN/PluginExecutionException\r\n"}
{"level":"debug","time":"2024-02-01T16:12:23.481+0530","caller":"testdiscoverer/discoverer.go:194","msg":"Stderr: "}
{"level":"debug","time":"2024-02-01T16:12:23.997+0530","caller":"core/lifecycle.go:295","msg":"\u001b[91mERR::TSK::DSC\u001b[0m     Unable to run test discoverer exit status 1 - Error doing test discovery."}
{"level":"debug","time":"2024-02-01T16:12:23.997+0530","caller":"core/lifecycle.go:54","msg":"Quit requested from main goroutine...."}
{"level":"debug","time":"2024-02-01T16:12:23.998+0530","caller":"core/lifecycle.go:55","msg":"Waiting for the goroutines to exit"}
{"level":"debug","time":"2024-02-01T16:12:54.004+0530","caller":"apiserver/setup.go:94","msg":"Shutting down the api server"}
{"level":"debug","time":"2024-02-01T16:12:54.004+0530","caller":"cmd/bin.go:302","msg":"Exiting application due to error \u001b[91mERR::TSK::DSC\u001b[0m     Unable to run test discoverer exit status 1"}
{"level":"debug","time":"2024-02-01T16:17:12.140+0530","caller":"cmd/bin.go:100","msg":"cli os: windows, cli arch: amd64"}
{"level":"debug","time":"2024-02-01T16:17:12.497+0530","caller":"cmd/bin.go:108","msg":"Upstream version: {Name: Min:0.2.152 Max:0.2.152} "}
{"level":"debug","time":"2024-02-01T16:17:15.035+0530","caller":"core/lifecycle.go:116","msg":"Setting environment"}
{"level":"debug","time":"2024-02-01T16:17:15.036+0530","caller":"core/lifecycle.go:119","msg":"Parsing config"}
{"level":"debug","time":"2024-02-01T16:17:15.036+0530","caller":"yamlconfigmanager/setup.go:498","msg":"Custom location for .hyperexecute.yaml specified. Using: hyperexecute.yaml"}
{"level":"debug","time":"2024-02-01T16:17:15.037+0530","caller":"yamlconfigmanager/setup.go:85","msg":"using hyperexecute config from : hyperexecute.yaml"}
{"level":"debug","time":"2024-02-01T16:17:15.918+0530","caller":"yamlconfigmanager/setup.go:1956","msg":"Autodetecting test type in files of path : C:\\HyperExecute Assignment\\java-testng-selenium"}
{"level":"debug","time":"2024-02-01T16:17:15.918+0530","caller":"yamlconfigmanager/setup.go:377","msg":"Tunnel: false"}
{"level":"info","time":"2024-02-01T16:17:15.919+0530","caller":"models/HypertestYamlConfig.go:589","msg":"\n\u001b[4m\u001b[1m\u001b[97mExecution Plan\u001b[0m\u001b[0m\u001b[0m"}
{"level":"info","time":"2024-02-01T16:17:15.919+0530","caller":"models/HypertestYamlConfig.go:393","msg":"Mode:    \u001b[36mautosplit\u001b[0m"}
{"level":"info","time":"2024-02-01T16:17:15.919+0530","caller":"models/HypertestYamlConfig.go:453","msg":"Runson:    \u001b[36mlinux\u001b[0m"}
{"level":"info","time":"2024-02-01T16:17:15.919+0530","caller":"models/HypertestYamlConfig.go:461","msg":"Concurrency:    \u001b[36m1\u001b[0m"}
{"level":"info","time":"2024-02-01T16:17:15.919+0530","caller":"models/HypertestYamlConfig.go:478","msg":"Framework:"}
{"level":"info","time":"2024-02-01T16:17:15.919+0530","caller":"models/HypertestYamlConfig.go:479","msg":"    Name:    \u001b[36mmaven/testng\u001b[0m"}
{"level":"info","time":"2024-02-01T16:17:15.919+0530","caller":"models/HypertestYamlConfig.go:484","msg":"    Flags:"}
{"level":"info","time":"2024-02-01T16:17:15.920+0530","caller":"models/HypertestYamlConfig.go:486","msg":"        \u001b[36m-Dtestngxml=single\u001b[0m"}
{"level":"info","time":"2024-02-01T16:17:15.920+0530","caller":"models/HypertestYamlConfig.go:511","msg":"    discoveryType:    \u001b[36mclass\u001b[0m"}
{"level":"info","time":"2024-02-01T16:17:15.920+0530","caller":"models/HypertestYamlConfig.go:522","msg":"Report:    \u001b[36mdisabled\u001b[0m"}
{"level":"info","time":"2024-02-01T16:17:15.920+0530","caller":"models/HypertestYamlConfig.go:536","msg":"Artefacts:"}
{"level":"info","time":"2024-02-01T16:17:15.921+0530","caller":"models/HypertestYamlConfig.go:539","msg":"    ExecutionSnapshots:    \u001b[36mtarget/surefire-reports/\u001b[0m"}
{"level":"info","time":"2024-02-01T16:17:15.921+0530","caller":"models/HypertestYamlConfig.go:602","msg":""}
{"level":"debug","time":"2024-02-01T16:17:15.921+0530","caller":"filevalidator/setup.go:46","msg":"Warning: Checking data.json file in current directory, no dataJsonPath found in .hyperexecute.yaml"}
{"level":"debug","time":"2024-02-01T16:17:15.921+0530","caller":"filevalidator/setup.go:50","msg":"Warning: data.json file doesn't exist"}
{"level":"debug","time":"2024-02-01T16:17:15.982+0530","caller":"apiserver/setup.go:129","msg":"Starting API server"}
{"level":"debug","time":"2024-02-01T16:17:16.044+0530","caller":"apiserver/setup.go:98","msg":"Starting API server for test results on port: 9191"}
{"level":"debug","time":"2024-02-01T16:17:16.678+0530","caller":"java/maven.go:78","msg":"got asset version details &{Name: Min:0.7 Max:0.7}"}
{"level":"debug","time":"2024-02-01T16:17:19.547+0530","caller":"java/maven.go:110","msg":"java runner already up to date"}
{"level":"debug","time":"2024-02-01T16:17:19.548+0530","caller":"testdiscoverer/discoverer.go:159","msg":"Running discovery command mvn test -Dframework=testng -Dtestngxml=single -DdiscoveryType=class -Dmode=discover -DfailIfNoTests=false"}
{"level":"debug","time":"2024-02-01T16:17:23.809+0530","caller":"testdiscoverer/discoverer.go:193","msg":"Stdout: [INFO] Scanning for projects...\r\n[INFO] Adding surefire-api as dependency in effective pom\r\n[INFO] Configured: Java-TestNG-Selenium\r\n[INFO] \r\n[INFO] -------------< Java-TestNG-Selenium:Java-TestNG-Selenium >--------------\r\n[INFO] Building Java-TestNG-Selenium 0.0.1-SNAPSHOT\r\n[INFO]   from pom.xml\r\n[INFO] --------------------------------[ jar ]---------------------------------\r\n[INFO] \r\n[INFO] --- resources:3.3.1:resources (default-resources) @ Java-TestNG-Selenium ---\r\n[WARNING] Using platform encoding (Cp1252 actually) to copy filtered resources, i.e. build is platform dependent!\r\n[INFO] skip non existing resourceDirectory C:\\HyperExecute Assignment\\java-testng-selenium\\Java-TestNG-Selenium\\src\r\n[INFO] \r\n[INFO] --- compiler:3.7.0:compile (default-compile) @ Java-TestNG-Selenium ---\r\n[INFO] No sources to compile\r\n[INFO] \r\n[INFO] --- resources:3.3.1:testResources (default-testResources) @ Java-TestNG-Selenium ---\r\n[WARNING] Using platform encoding (Cp1252 actually) to copy filtered resources, i.e. build is platform dependent!\r\n[INFO] skip non existing resourceDirectory C:\\HyperExecute Assignment\\java-testng-selenium\\src\\test\\resources\r\n[INFO] \r\n[INFO] --- compiler:3.7.0:testCompile (default-testCompile) @ Java-TestNG-Selenium ---\r\n[INFO] Nothing to compile - all classes are up to date\r\n[INFO] \r\n[INFO] --- surefire:2.19.1:test (default-test) @ Java-TestNG-Selenium ---\r\n\r\n-------------------------------------------------------\r\n T E S T S\r\n-------------------------------------------------------\r\n\r\nResults :\r\n\r\nTests run: 0, Failures: 0, Errors: 0, Skipped: 0\r\n\r\n[INFO] ------------------------------------------------------------------------\r\n[INFO] BUILD FAILURE\r\n[INFO] ------------------------------------------------------------------------\r\n[INFO] Total time:  1.892 s\r\n[INFO] Finished at: 2024-02-01T16:17:23+05:30\r\n[INFO] ------------------------------------------------------------------------\r\n[ERROR] Failed to execute goal org.apache.maven.plugins:maven-surefire-plugin:2.19.1:test (default-test) on project Java-TestNG-Selenium: Execution default-test of goal org.apache.maven.plugins:maven-surefire-plugin:2.19.1:test failed: testSuiteXmlFiles0 has null value -> [Help 1]\r\n[ERROR] \r\n[ERROR] To see the full stack trace of the errors, re-run Maven with the -e switch.\r\n[ERROR] Re-run Maven using the -X switch to enable full debug logging.\r\n[ERROR] \r\n[ERROR] For more information about the errors and possible solutions, please read the following articles:\r\n[ERROR] [Help 1] http://cwiki.apache.org/confluence/display/MAVEN/PluginExecutionException\r\n"}
{"level":"debug","time":"2024-02-01T16:17:23.813+0530","caller":"testdiscoverer/discoverer.go:194","msg":"Stderr: "}
{"level":"debug","time":"2024-02-01T16:17:24.327+0530","caller":"core/lifecycle.go:295","msg":"\u001b[91mERR::TSK::DSC\u001b[0m     Unable to run test discoverer exit status 1 - Error doing test discovery."}
{"level":"debug","time":"2024-02-01T16:17:24.328+0530","caller":"core/lifecycle.go:54","msg":"Quit requested from main goroutine...."}
{"level":"debug","time":"2024-02-01T16:17:24.329+0530","caller":"core/lifecycle.go:55","msg":"Waiting for the goroutines to exit"}
{"level":"debug","time":"2024-02-01T16:17:54.335+0530","caller":"apiserver/setup.go:94","msg":"Shutting down the api server"}
{"level":"debug","time":"2024-02-01T16:17:54.335+0530","caller":"cmd/bin.go:302","msg":"Exiting application due to error \u001b[91mERR::TSK::DSC\u001b[0m     Unable to run test discoverer exit status 1"}
{"level":"debug","time":"2024-02-01T16:25:09.126+0530","caller":"cmd/bin.go:100","msg":"cli os: windows, cli arch: amd64"}
{"level":"debug","time":"2024-02-01T16:25:09.485+0530","caller":"cmd/bin.go:108","msg":"Upstream version: {Name: Min:0.2.152 Max:0.2.152} "}
{"level":"debug","time":"2024-02-01T16:25:12.007+0530","caller":"core/lifecycle.go:116","msg":"Setting environment"}
{"level":"debug","time":"2024-02-01T16:25:12.009+0530","caller":"core/lifecycle.go:119","msg":"Parsing config"}
{"level":"debug","time":"2024-02-01T16:25:12.010+0530","caller":"yamlconfigmanager/setup.go:498","msg":"Custom location for .hyperexecute.yaml specified. Using: hyperexecute.yaml"}
{"level":"debug","time":"2024-02-01T16:25:12.010+0530","caller":"yamlconfigmanager/setup.go:85","msg":"using hyperexecute config from : hyperexecute.yaml"}
{"level":"debug","time":"2024-02-01T16:25:12.893+0530","caller":"yamlconfigmanager/setup.go:1956","msg":"Autodetecting test type in files of path : C:\\HyperExecute Assignment\\java-testng-selenium"}
{"level":"debug","time":"2024-02-01T16:25:12.895+0530","caller":"yamlconfigmanager/setup.go:377","msg":"Tunnel: false"}
{"level":"info","time":"2024-02-01T16:25:12.896+0530","caller":"models/HypertestYamlConfig.go:589","msg":"\n\u001b[4m\u001b[1m\u001b[97mExecution Plan\u001b[0m\u001b[0m\u001b[0m"}
{"level":"info","time":"2024-02-01T16:25:12.897+0530","caller":"models/HypertestYamlConfig.go:393","msg":"Mode:    \u001b[36mautosplit\u001b[0m"}
{"level":"info","time":"2024-02-01T16:25:12.897+0530","caller":"models/HypertestYamlConfig.go:453","msg":"Runson:    \u001b[36mlinux\u001b[0m"}
{"level":"info","time":"2024-02-01T16:25:12.897+0530","caller":"models/HypertestYamlConfig.go:461","msg":"Concurrency:    \u001b[36m1\u001b[0m"}
{"level":"info","time":"2024-02-01T16:25:12.897+0530","caller":"models/HypertestYamlConfig.go:478","msg":"Framework:"}
{"level":"info","time":"2024-02-01T16:25:12.898+0530","caller":"models/HypertestYamlConfig.go:479","msg":"    Name:    \u001b[36mmaven/testng\u001b[0m"}
{"level":"info","time":"2024-02-01T16:25:12.898+0530","caller":"models/HypertestYamlConfig.go:484","msg":"    Flags:"}
{"level":"info","time":"2024-02-01T16:25:12.898+0530","caller":"models/HypertestYamlConfig.go:486","msg":"        \u001b[36m-Dtestngxml=parallel\u001b[0m"}
{"level":"info","time":"2024-02-01T16:25:12.898+0530","caller":"models/HypertestYamlConfig.go:511","msg":"    discoveryType:    \u001b[36mclass\u001b[0m"}
{"level":"info","time":"2024-02-01T16:25:12.898+0530","caller":"models/HypertestYamlConfig.go:522","msg":"Report:    \u001b[36mdisabled\u001b[0m"}
{"level":"info","time":"2024-02-01T16:25:12.899+0530","caller":"models/HypertestYamlConfig.go:536","msg":"Artefacts:"}
{"level":"info","time":"2024-02-01T16:25:12.899+0530","caller":"models/HypertestYamlConfig.go:539","msg":"    ExecutionSnapshots:    \u001b[36mtarget/surefire-reports/\u001b[0m"}
{"level":"info","time":"2024-02-01T16:25:12.899+0530","caller":"models/HypertestYamlConfig.go:602","msg":""}
{"level":"debug","time":"2024-02-01T16:25:12.899+0530","caller":"filevalidator/setup.go:46","msg":"Warning: Checking data.json file in current directory, no dataJsonPath found in .hyperexecute.yaml"}
{"level":"debug","time":"2024-02-01T16:25:12.900+0530","caller":"filevalidator/setup.go:50","msg":"Warning: data.json file doesn't exist"}
{"level":"debug","time":"2024-02-01T16:25:12.951+0530","caller":"apiserver/setup.go:129","msg":"Starting API server"}
{"level":"debug","time":"2024-02-01T16:25:13.013+0530","caller":"apiserver/setup.go:98","msg":"Starting API server for test results on port: 9191"}
{"level":"debug","time":"2024-02-01T16:25:13.701+0530","caller":"java/maven.go:78","msg":"got asset version details &{Name: Min:0.7 Max:0.7}"}
{"level":"debug","time":"2024-02-01T16:25:16.834+0530","caller":"java/maven.go:110","msg":"java runner already up to date"}
{"level":"debug","time":"2024-02-01T16:25:16.835+0530","caller":"testdiscoverer/discoverer.go:159","msg":"Running discovery command mvn test -Dframework=testng -Dtestngxml=parallel -DdiscoveryType=class -Dmode=discover -DfailIfNoTests=false"}
{"level":"debug","time":"2024-02-01T16:25:21.488+0530","caller":"testdiscoverer/discoverer.go:193","msg":"Stdout: [INFO] Scanning for projects...\r\n[INFO] Adding surefire-api as dependency in effective pom\r\n[INFO] Configured: Java-TestNG-Selenium\r\n[INFO] \r\n[INFO] -------------< Java-TestNG-Selenium:Java-TestNG-Selenium >--------------\r\n[INFO] Building Java-TestNG-Selenium 0.0.1-SNAPSHOT\r\n[INFO]   from pom.xml\r\n[INFO] --------------------------------[ jar ]---------------------------------\r\n[INFO] \r\n[INFO] --- resources:3.3.1:resources (default-resources) @ Java-TestNG-Selenium ---\r\n[WARNING] Using platform encoding (Cp1252 actually) to copy filtered resources, i.e. build is platform dependent!\r\n[INFO] skip non existing resourceDirectory C:\\HyperExecute Assignment\\java-testng-selenium\\Java-TestNG-Selenium\\src\r\n[INFO] \r\n[INFO] --- compiler:3.7.0:compile (default-compile) @ Java-TestNG-Selenium ---\r\n[INFO] No sources to compile\r\n[INFO] \r\n[INFO] --- resources:3.3.1:testResources (default-testResources) @ Java-TestNG-Selenium ---\r\n[WARNING] Using platform encoding (Cp1252 actually) to copy filtered resources, i.e. build is platform dependent!\r\n[INFO] skip non existing resourceDirectory C:\\HyperExecute Assignment\\java-testng-selenium\\src\\test\\resources\r\n[INFO] \r\n[INFO] --- compiler:3.7.0:testCompile (default-testCompile) @ Java-TestNG-Selenium ---\r\n[INFO] Nothing to compile - all classes are up to date\r\n[INFO] \r\n[INFO] --- surefire:2.19.1:test (default-test) @ Java-TestNG-Selenium ---\r\n\r\n-------------------------------------------------------\r\n T E S T S\r\n-------------------------------------------------------\r\n\r\nResults :\r\n\r\nTests run: 0, Failures: 0, Errors: 0, Skipped: 0\r\n\r\n[INFO] ------------------------------------------------------------------------\r\n[INFO] BUILD FAILURE\r\n[INFO] ------------------------------------------------------------------------\r\n[INFO] Total time:  1.841 s\r\n[INFO] Finished at: 2024-02-01T16:25:21+05:30\r\n[INFO] ------------------------------------------------------------------------\r\n[ERROR] Failed to execute goal org.apache.maven.plugins:maven-surefire-plugin:2.19.1:test (default-test) on project Java-TestNG-Selenium: Execution default-test of goal org.apache.maven.plugins:maven-surefire-plugin:2.19.1:test failed: testSuiteXmlFiles0 has null value -> [Help 1]\r\n[ERROR] \r\n[ERROR] To see the full stack trace of the errors, re-run Maven with the -e switch.\r\n[ERROR] Re-run Maven using the -X switch to enable full debug logging.\r\n[ERROR] \r\n[ERROR] For more information about the errors and possible solutions, please read the following articles:\r\n[ERROR] [Help 1] http://cwiki.apache.org/confluence/display/MAVEN/PluginExecutionException\r\n"}
{"level":"debug","time":"2024-02-01T16:25:21.491+0530","caller":"testdiscoverer/discoverer.go:194","msg":"Stderr: "}
{"level":"debug","time":"2024-02-01T16:25:22.003+0530","caller":"core/lifecycle.go:295","msg":"\u001b[91mERR::TSK::DSC\u001b[0m     Unable to run test discoverer exit status 1 - Error doing test discovery."}
{"level":"debug","time":"2024-02-01T16:25:22.004+0530","caller":"core/lifecycle.go:54","msg":"Quit requested from main goroutine...."}
{"level":"debug","time":"2024-02-01T16:25:22.004+0530","caller":"core/lifecycle.go:55","msg":"Waiting for the goroutines to exit"}
{"level":"debug","time":"2024-02-01T16:25:52.011+0530","caller":"apiserver/setup.go:94","msg":"Shutting down the api server"}
{"level":"debug","time":"2024-02-01T16:25:52.011+0530","caller":"cmd/bin.go:302","msg":"Exiting application due to error \u001b[91mERR::TSK::DSC\u001b[0m     Unable to run test discoverer exit status 1"}
{"level":"debug","time":"2024-02-01T16:26:54.748+0530","caller":"cmd/bin.go:100","msg":"cli os: windows, cli arch: amd64"}
{"level":"debug","time":"2024-02-01T16:26:55.111+0530","caller":"cmd/bin.go:108","msg":"Upstream version: {Name: Min:0.2.152 Max:0.2.152} "}
{"level":"debug","time":"2024-02-01T16:26:57.554+0530","caller":"core/lifecycle.go:116","msg":"Setting environment"}
{"level":"debug","time":"2024-02-01T16:26:57.555+0530","caller":"core/lifecycle.go:119","msg":"Parsing config"}
{"level":"debug","time":"2024-02-01T16:26:57.556+0530","caller":"yamlconfigmanager/setup.go:498","msg":"Custom location for .hyperexecute.yaml specified. Using: hyperexecute.yaml"}
{"level":"debug","time":"2024-02-01T16:26:57.556+0530","caller":"yamlconfigmanager/setup.go:85","msg":"using hyperexecute config from : hyperexecute.yaml"}
{"level":"debug","time":"2024-02-01T16:26:58.449+0530","caller":"yamlconfigmanager/setup.go:1956","msg":"Autodetecting test type in files of path : C:\\HyperExecute Assignment\\java-testng-selenium"}
{"level":"debug","time":"2024-02-01T16:26:58.450+0530","caller":"yamlconfigmanager/setup.go:377","msg":"Tunnel: false"}
{"level":"info","time":"2024-02-01T16:26:58.451+0530","caller":"models/HypertestYamlConfig.go:589","msg":"\n\u001b[4m\u001b[1m\u001b[97mExecution Plan\u001b[0m\u001b[0m\u001b[0m"}
{"level":"info","time":"2024-02-01T16:26:58.451+0530","caller":"models/HypertestYamlConfig.go:393","msg":"Mode:    \u001b[36mautosplit\u001b[0m"}
{"level":"info","time":"2024-02-01T16:26:58.452+0530","caller":"models/HypertestYamlConfig.go:453","msg":"Runson:    \u001b[36mlinux\u001b[0m"}
{"level":"info","time":"2024-02-01T16:26:58.452+0530","caller":"models/HypertestYamlConfig.go:461","msg":"Concurrency:    \u001b[36m1\u001b[0m"}
{"level":"info","time":"2024-02-01T16:26:58.453+0530","caller":"models/HypertestYamlConfig.go:478","msg":"Framework:"}
{"level":"info","time":"2024-02-01T16:26:58.453+0530","caller":"models/HypertestYamlConfig.go:479","msg":"    Name:    \u001b[36mmaven/testng\u001b[0m"}
{"level":"info","time":"2024-02-01T16:26:58.453+0530","caller":"models/HypertestYamlConfig.go:484","msg":"    Flags:"}
{"level":"info","time":"2024-02-01T16:26:58.454+0530","caller":"models/HypertestYamlConfig.go:486","msg":"        \u001b[36m-Dtestngxml=parallel\u001b[0m"}
{"level":"info","time":"2024-02-01T16:26:58.455+0530","caller":"models/HypertestYamlConfig.go:511","msg":"    discoveryType:    \u001b[36mclass\u001b[0m"}
{"level":"info","time":"2024-02-01T16:26:58.455+0530","caller":"models/HypertestYamlConfig.go:522","msg":"Report:    \u001b[36mdisabled\u001b[0m"}
{"level":"info","time":"2024-02-01T16:26:58.456+0530","caller":"models/HypertestYamlConfig.go:536","msg":"Artefacts:"}
{"level":"info","time":"2024-02-01T16:26:58.456+0530","caller":"models/HypertestYamlConfig.go:539","msg":"    ExecutionSnapshots:    \u001b[36mtarget/surefire-reports/\u001b[0m"}
{"level":"info","time":"2024-02-01T16:26:58.457+0530","caller":"models/HypertestYamlConfig.go:602","msg":""}
{"level":"debug","time":"2024-02-01T16:26:58.457+0530","caller":"filevalidator/setup.go:46","msg":"Warning: Checking data.json file in current directory, no dataJsonPath found in .hyperexecute.yaml"}
{"level":"debug","time":"2024-02-01T16:26:58.458+0530","caller":"filevalidator/setup.go:50","msg":"Warning: data.json file doesn't exist"}
{"level":"debug","time":"2024-02-01T16:26:58.509+0530","caller":"apiserver/setup.go:129","msg":"Starting API server"}
{"level":"debug","time":"2024-02-01T16:26:58.573+0530","caller":"apiserver/setup.go:98","msg":"Starting API server for test results on port: 9191"}
{"level":"debug","time":"2024-02-01T16:26:59.732+0530","caller":"java/maven.go:78","msg":"got asset version details &{Name: Min:0.7 Max:0.7}"}
{"level":"debug","time":"2024-02-01T16:27:02.553+0530","caller":"java/maven.go:110","msg":"java runner already up to date"}
{"level":"debug","time":"2024-02-01T16:27:02.553+0530","caller":"testdiscoverer/discoverer.go:159","msg":"Running discovery command mvn test -Dframework=testng -Dtestngxml=parallel -DdiscoveryType=class -Dmode=discover -DfailIfNoTests=false"}
{"level":"debug","time":"2024-02-01T16:27:07.529+0530","caller":"testdiscoverer/discoverer.go:193","msg":"Stdout: [INFO] Scanning for projects...\r\n[INFO] Adding surefire-api as dependency in effective pom\r\n[INFO] Configured: Java-TestNG-Selenium\r\n[INFO] \r\n[INFO] -------------< Java-TestNG-Selenium:Java-TestNG-Selenium >--------------\r\n[INFO] Building Java-TestNG-Selenium 0.0.1-SNAPSHOT\r\n[INFO]   from pom.xml\r\n[INFO] --------------------------------[ jar ]---------------------------------\r\n[INFO] \r\n[INFO] --- resources:3.3.1:resources (default-resources) @ Java-TestNG-Selenium ---\r\n[WARNING] Using platform encoding (Cp1252 actually) to copy filtered resources, i.e. build is platform dependent!\r\n[INFO] skip non existing resourceDirectory C:\\HyperExecute Assignment\\java-testng-selenium\\Java-TestNG-Selenium\\src\r\n[INFO] \r\n[INFO] --- compiler:3.7.0:compile (default-compile) @ Java-TestNG-Selenium ---\r\n[INFO] No sources to compile\r\n[INFO] \r\n[INFO] --- resources:3.3.1:testResources (default-testResources) @ Java-TestNG-Selenium ---\r\n[WARNING] Using platform encoding (Cp1252 actually) to copy filtered resources, i.e. build is platform dependent!\r\n[INFO] skip non existing resourceDirectory C:\\HyperExecute Assignment\\java-testng-selenium\\src\\test\\resources\r\n[INFO] \r\n[INFO] --- compiler:3.7.0:testCompile (default-testCompile) @ Java-TestNG-Selenium ---\r\n[INFO] Nothing to compile - all classes are up to date\r\n[INFO] \r\n[INFO] --- surefire:2.19.1:test (default-test) @ Java-TestNG-Selenium ---\r\n\r\n-------------------------------------------------------\r\n T E S T S\r\n-------------------------------------------------------\r\n\r\nResults :\r\n\r\nTests run: 0, Failures: 0, Errors: 0, Skipped: 0\r\n\r\n[INFO] ------------------------------------------------------------------------\r\n[INFO] BUILD FAILURE\r\n[INFO] ------------------------------------------------------------------------\r\n[INFO] Total time:  2.675 s\r\n[INFO] Finished at: 2024-02-01T16:27:07+05:30\r\n[INFO] ------------------------------------------------------------------------\r\n[ERROR] Failed to execute goal org.apache.maven.plugins:maven-surefire-plugin:2.19.1:test (default-test) on project Java-TestNG-Selenium: Execution default-test of goal org.apache.maven.plugins:maven-surefire-plugin:2.19.1:test failed: There was an error in the forked process\r\n[ERROR] java.lang.NoClassDefFoundError: org/apache/commons/lang3/StringUtils\r\n[ERROR] \tat com.lambdatest.runner.api.util.Utils.isHyperExecute(Utils.java:82)\r\n[ERROR] \tat com.lambdatest.runner.api.util.Utils.<clinit>(Utils.java:29)\r\n[ERROR] \tat com.lambdatest.surefire.commons.BaseProvider.run(BaseProvider.java:24)\r\n[ERROR] \tat com.lambdatest.surefire.provider.TestNGProvider.invoke(TestNGProvider.java:75)\r\n[ERROR] \tat org.apache.maven.surefire.booter.ForkedBooter.invokeProviderInSameClassLoader(ForkedBooter.java:290)\r\n[ERROR] \tat org.apache.maven.surefire.booter.ForkedBooter.runSuitesInProcess(ForkedBooter.java:242)\r\n[ERROR] \tat org.apache.maven.surefire.booter.ForkedBooter.main(ForkedBooter.java:121)\r\n[ERROR] Caused by: java.lang.ClassNotFoundException: org.apache.commons.lang3.StringUtils\r\n[ERROR] \tat java.base/jdk.internal.loader.BuiltinClassLoader.loadClass(BuiltinClassLoader.java:641)\r\n[ERROR] \tat java.base/jdk.internal.loader.ClassLoaders$AppClassLoader.loadClass(ClassLoaders.java:188)\r\n[ERROR] \tat java.base/java.lang.ClassLoader.loadClass(ClassLoader.java:525)\r\n[ERROR] \t... 7 more\r\n[ERROR] \r\n[ERROR] -> [Help 1]\r\n[ERROR] \r\n[ERROR] To see the full stack trace of the errors, re-run Maven with the -e switch.\r\n[ERROR] Re-run Maven using the -X switch to enable full debug logging.\r\n[ERROR] \r\n[ERROR] For more information about the errors and possible solutions, please read the following articles:\r\n[ERROR] [Help 1] http://cwiki.apache.org/confluence/display/MAVEN/PluginExecutionException\r\n"}
{"level":"debug","time":"2024-02-01T16:27:07.532+0530","caller":"testdiscoverer/discoverer.go:194","msg":"Stderr: "}
{"level":"debug","time":"2024-02-01T16:27:08.048+0530","caller":"core/lifecycle.go:295","msg":"\u001b[91mERR::TSK::DSC\u001b[0m     Unable to run test discoverer exit status 1 - Error doing test discovery."}
{"level":"debug","time":"2024-02-01T16:27:08.049+0530","caller":"core/lifecycle.go:54","msg":"Quit requested from main goroutine...."}
{"level":"debug","time":"2024-02-01T16:27:08.049+0530","caller":"core/lifecycle.go:55","msg":"Waiting for the goroutines to exit"}
{"level":"debug","time":"2024-02-01T16:27:38.056+0530","caller":"apiserver/setup.go:94","msg":"Shutting down the api server"}
{"level":"debug","time":"2024-02-01T16:27:38.056+0530","caller":"cmd/bin.go:302","msg":"Exiting application due to error \u001b[91mERR::TSK::DSC\u001b[0m     Unable to run test discoverer exit status 1"}
{"level":"debug","time":"2024-02-01T16:28:35.817+0530","caller":"cmd/bin.go:100","msg":"cli os: windows, cli arch: amd64"}
{"level":"debug","time":"2024-02-01T16:28:36.719+0530","caller":"cmd/bin.go:108","msg":"Upstream version: {Name: Min:0.2.152 Max:0.2.152} "}
{"level":"debug","time":"2024-02-01T16:28:39.310+0530","caller":"core/lifecycle.go:116","msg":"Setting environment"}
{"level":"debug","time":"2024-02-01T16:28:39.311+0530","caller":"core/lifecycle.go:119","msg":"Parsing config"}
{"level":"debug","time":"2024-02-01T16:28:39.311+0530","caller":"yamlconfigmanager/setup.go:498","msg":"Custom location for .hyperexecute.yaml specified. Using: hyperexecute.yaml"}
{"level":"debug","time":"2024-02-01T16:28:39.312+0530","caller":"yamlconfigmanager/setup.go:85","msg":"using hyperexecute config from : hyperexecute.yaml"}
{"level":"debug","time":"2024-02-01T16:28:40.216+0530","caller":"yamlconfigmanager/setup.go:1956","msg":"Autodetecting test type in files of path : C:\\HyperExecute Assignment\\java-testng-selenium"}
{"level":"debug","time":"2024-02-01T16:28:40.218+0530","caller":"yamlconfigmanager/setup.go:377","msg":"Tunnel: false"}
{"level":"info","time":"2024-02-01T16:28:40.219+0530","caller":"models/HypertestYamlConfig.go:589","msg":"\n\u001b[4m\u001b[1m\u001b[97mExecution Plan\u001b[0m\u001b[0m\u001b[0m"}
{"level":"info","time":"2024-02-01T16:28:40.220+0530","caller":"models/HypertestYamlConfig.go:393","msg":"Mode:    \u001b[36mautosplit\u001b[0m"}
{"level":"info","time":"2024-02-01T16:28:40.220+0530","caller":"models/HypertestYamlConfig.go:453","msg":"Runson:    \u001b[36mlinux\u001b[0m"}
{"level":"info","time":"2024-02-01T16:28:40.220+0530","caller":"models/HypertestYamlConfig.go:461","msg":"Concurrency:    \u001b[36m1\u001b[0m"}
{"level":"info","time":"2024-02-01T16:28:40.220+0530","caller":"models/HypertestYamlConfig.go:478","msg":"Framework:"}
{"level":"info","time":"2024-02-01T16:28:40.220+0530","caller":"models/HypertestYamlConfig.go:479","msg":"    Name:    \u001b[36mmaven/testng\u001b[0m"}
{"level":"info","time":"2024-02-01T16:28:40.220+0530","caller":"models/HypertestYamlConfig.go:484","msg":"    Flags:"}
{"level":"info","time":"2024-02-01T16:28:40.220+0530","caller":"models/HypertestYamlConfig.go:486","msg":"        \u001b[36m-Dtestngxml=single\u001b[0m"}
{"level":"info","time":"2024-02-01T16:28:40.220+0530","caller":"models/HypertestYamlConfig.go:511","msg":"    discoveryType:    \u001b[36mmethod\u001b[0m"}
{"level":"info","time":"2024-02-01T16:28:40.221+0530","caller":"models/HypertestYamlConfig.go:522","msg":"Report:    \u001b[36mdisabled\u001b[0m"}
{"level":"info","time":"2024-02-01T16:28:40.221+0530","caller":"models/HypertestYamlConfig.go:536","msg":"Artefacts:"}
{"level":"info","time":"2024-02-01T16:28:40.221+0530","caller":"models/HypertestYamlConfig.go:539","msg":"    ExecutionSnapshots:    \u001b[36mtarget/surefire-reports/\u001b[0m"}
{"level":"info","time":"2024-02-01T16:28:40.221+0530","caller":"models/HypertestYamlConfig.go:602","msg":""}
{"level":"debug","time":"2024-02-01T16:28:40.221+0530","caller":"filevalidator/setup.go:46","msg":"Warning: Checking data.json file in current directory, no dataJsonPath found in .hyperexecute.yaml"}
{"level":"debug","time":"2024-02-01T16:28:40.222+0530","caller":"filevalidator/setup.go:50","msg":"Warning: data.json file doesn't exist"}
{"level":"debug","time":"2024-02-01T16:28:40.280+0530","caller":"apiserver/setup.go:129","msg":"Starting API server"}
{"level":"debug","time":"2024-02-01T16:28:40.342+0530","caller":"apiserver/setup.go:98","msg":"Starting API server for test results on port: 9191"}
{"level":"debug","time":"2024-02-01T16:28:41.015+0530","caller":"java/maven.go:78","msg":"got asset version details &{Name: Min:0.7 Max:0.7}"}
{"level":"debug","time":"2024-02-01T16:28:43.879+0530","caller":"java/maven.go:110","msg":"java runner already up to date"}
{"level":"debug","time":"2024-02-01T16:28:43.880+0530","caller":"testdiscoverer/discoverer.go:159","msg":"Running discovery command mvn test -Dframework=testng -Dtestngxml=single -Dmode=discover -DfailIfNoTests=false"}
{"level":"debug","time":"2024-02-01T16:28:48.849+0530","caller":"testdiscoverer/discoverer.go:193","msg":"Stdout: [INFO] Scanning for projects...\r\n[INFO] Adding surefire-api as dependency in effective pom\r\n[INFO] Configured: Java-TestNG-Selenium\r\n[INFO] \r\n[INFO] -------------< Java-TestNG-Selenium:Java-TestNG-Selenium >--------------\r\n[INFO] Building Java-TestNG-Selenium 0.0.1-SNAPSHOT\r\n[INFO]   from pom.xml\r\n[INFO] --------------------------------[ jar ]---------------------------------\r\n[INFO] \r\n[INFO] --- resources:3.3.1:resources (default-resources) @ Java-TestNG-Selenium ---\r\n[WARNING] Using platform encoding (Cp1252 actually) to copy filtered resources, i.e. build is platform dependent!\r\n[INFO] skip non existing resourceDirectory C:\\HyperExecute Assignment\\java-testng-selenium\\Java-TestNG-Selenium\\src\r\n[INFO] \r\n[INFO] --- compiler:3.7.0:compile (default-compile) @ Java-TestNG-Selenium ---\r\n[INFO] No sources to compile\r\n[INFO] \r\n[INFO] --- resources:3.3.1:testResources (default-testResources) @ Java-TestNG-Selenium ---\r\n[WARNING] Using platform encoding (Cp1252 actually) to copy filtered resources, i.e. build is platform dependent!\r\n[INFO] skip non existing resourceDirectory C:\\HyperExecute Assignment\\java-testng-selenium\\src\\test\\resources\r\n[INFO] \r\n[INFO] --- compiler:3.7.0:testCompile (default-testCompile) @ Java-TestNG-Selenium ---\r\n[INFO] Nothing to compile - all classes are up to date\r\n[INFO] \r\n[INFO] --- surefire:2.19.1:test (default-test) @ Java-TestNG-Selenium ---\r\n\r\n-------------------------------------------------------\r\n T E S T S\r\n-------------------------------------------------------\r\n\r\nResults :\r\n\r\nTests run: 0, Failures: 0, Errors: 0, Skipped: 0\r\n\r\n[INFO] ------------------------------------------------------------------------\r\n[INFO] BUILD FAILURE\r\n[INFO] ------------------------------------------------------------------------\r\n[INFO] Total time:  2.669 s\r\n[INFO] Finished at: 2024-02-01T16:28:48+05:30\r\n[INFO] ------------------------------------------------------------------------\r\n[ERROR] Failed to execute goal org.apache.maven.plugins:maven-surefire-plugin:2.19.1:test (default-test) on project Java-TestNG-Selenium: Execution default-test of goal org.apache.maven.plugins:maven-surefire-plugin:2.19.1:test failed: There was an error in the forked process\r\n[ERROR] java.lang.NoClassDefFoundError: org/apache/commons/lang3/StringUtils\r\n[ERROR] \tat com.lambdatest.runner.api.util.Utils.isHyperExecute(Utils.java:82)\r\n[ERROR] \tat com.lambdatest.runner.api.util.Utils.<clinit>(Utils.java:29)\r\n[ERROR] \tat com.lambdatest.surefire.commons.BaseProvider.run(BaseProvider.java:24)\r\n[ERROR] \tat com.lambdatest.surefire.provider.TestNGProvider.invoke(TestNGProvider.java:75)\r\n[ERROR] \tat org.apache.maven.surefire.booter.ForkedBooter.invokeProviderInSameClassLoader(ForkedBooter.java:290)\r\n[ERROR] \tat org.apache.maven.surefire.booter.ForkedBooter.runSuitesInProcess(ForkedBooter.java:242)\r\n[ERROR] \tat org.apache.maven.surefire.booter.ForkedBooter.main(ForkedBooter.java:121)\r\n[ERROR] Caused by: java.lang.ClassNotFoundException: org.apache.commons.lang3.StringUtils\r\n[ERROR] \tat java.base/jdk.internal.loader.BuiltinClassLoader.loadClass(BuiltinClassLoader.java:641)\r\n[ERROR] \tat java.base/jdk.internal.loader.ClassLoaders$AppClassLoader.loadClass(ClassLoaders.java:188)\r\n[ERROR] \tat java.base/java.lang.ClassLoader.loadClass(ClassLoader.java:525)\r\n[ERROR] \t... 7 more\r\n[ERROR] \r\n[ERROR] -> [Help 1]\r\n[ERROR] \r\n[ERROR] To see the full stack trace of the errors, re-run Maven with the -e switch.\r\n[ERROR] Re-run Maven using the -X switch to enable full debug logging.\r\n[ERROR] \r\n[ERROR] For more information about the errors and possible solutions, please read the following articles:\r\n[ERROR] [Help 1] http://cwiki.apache.org/confluence/display/MAVEN/PluginExecutionException\r\n"}
{"level":"debug","time":"2024-02-01T16:28:48.852+0530","caller":"testdiscoverer/discoverer.go:194","msg":"Stderr: "}
{"level":"debug","time":"2024-02-01T16:28:49.366+0530","caller":"core/lifecycle.go:295","msg":"\u001b[91mERR::TSK::DSC\u001b[0m     Unable to run test discoverer exit status 1 - Error doing test discovery."}
{"level":"debug","time":"2024-02-01T16:28:49.367+0530","caller":"core/lifecycle.go:54","msg":"Quit requested from main goroutine...."}
{"level":"debug","time":"2024-02-01T16:28:49.367+0530","caller":"core/lifecycle.go:55","msg":"Waiting for the goroutines to exit"}
{"level":"debug","time":"2024-02-01T16:29:19.371+0530","caller":"apiserver/setup.go:94","msg":"Shutting down the api server"}
{"level":"debug","time":"2024-02-01T16:29:19.371+0530","caller":"cmd/bin.go:302","msg":"Exiting application due to error \u001b[91mERR::TSK::DSC\u001b[0m     Unable to run test discoverer exit status 1"}
{"level":"debug","time":"2024-02-01T16:32:15.862+0530","caller":"cmd/bin.go:100","msg":"cli os: windows, cli arch: amd64"}
{"level":"debug","time":"2024-02-01T16:32:16.253+0530","caller":"cmd/bin.go:108","msg":"Upstream version: {Name: Min:0.2.152 Max:0.2.152} "}
{"level":"debug","time":"2024-02-01T16:32:18.734+0530","caller":"core/lifecycle.go:116","msg":"Setting environment"}
{"level":"debug","time":"2024-02-01T16:32:18.735+0530","caller":"core/lifecycle.go:119","msg":"Parsing config"}
{"level":"debug","time":"2024-02-01T16:32:18.735+0530","caller":"yamlconfigmanager/setup.go:498","msg":"Custom location for .hyperexecute.yaml specified. Using: hyperexecute.yaml"}
{"level":"debug","time":"2024-02-01T16:32:18.736+0530","caller":"yamlconfigmanager/setup.go:85","msg":"using hyperexecute config from : hyperexecute.yaml"}
{"level":"debug","time":"2024-02-01T16:32:19.093+0530","caller":"yamlconfigmanager/setup.go:1956","msg":"Autodetecting test type in files of path : C:\\HyperExecute Assignment\\java-testng-selenium"}
{"level":"debug","time":"2024-02-01T16:32:19.096+0530","caller":"yamlconfigmanager/setup.go:377","msg":"Tunnel: false"}
{"level":"info","time":"2024-02-01T16:32:19.096+0530","caller":"models/HypertestYamlConfig.go:589","msg":"\n\u001b[4m\u001b[1m\u001b[97mExecution Plan\u001b[0m\u001b[0m\u001b[0m"}
{"level":"info","time":"2024-02-01T16:32:19.096+0530","caller":"models/HypertestYamlConfig.go:393","msg":"Mode:    \u001b[36mautosplit\u001b[0m"}
{"level":"info","time":"2024-02-01T16:32:19.096+0530","caller":"models/HypertestYamlConfig.go:453","msg":"Runson:    \u001b[36mlinux\u001b[0m"}
{"level":"info","time":"2024-02-01T16:32:19.097+0530","caller":"models/HypertestYamlConfig.go:461","msg":"Concurrency:    \u001b[36m1\u001b[0m"}
{"level":"info","time":"2024-02-01T16:32:19.097+0530","caller":"models/HypertestYamlConfig.go:478","msg":"Framework:"}
{"level":"info","time":"2024-02-01T16:32:19.097+0530","caller":"models/HypertestYamlConfig.go:479","msg":"    Name:    \u001b[36mmaven/testng\u001b[0m"}
{"level":"info","time":"2024-02-01T16:32:19.097+0530","caller":"models/HypertestYamlConfig.go:484","msg":"    Flags:"}
{"level":"info","time":"2024-02-01T16:32:19.097+0530","caller":"models/HypertestYamlConfig.go:486","msg":"        \u001b[36m-Dtestngxml=single\u001b[0m"}
{"level":"info","time":"2024-02-01T16:32:19.097+0530","caller":"models/HypertestYamlConfig.go:511","msg":"    discoveryType:    \u001b[36mmethod\u001b[0m"}
{"level":"info","time":"2024-02-01T16:32:19.097+0530","caller":"models/HypertestYamlConfig.go:522","msg":"Report:    \u001b[36mdisabled\u001b[0m"}
{"level":"info","time":"2024-02-01T16:32:19.098+0530","caller":"models/HypertestYamlConfig.go:536","msg":"Artefacts:"}
{"level":"info","time":"2024-02-01T16:32:19.098+0530","caller":"models/HypertestYamlConfig.go:539","msg":"    ExecutionSnapshots:    \u001b[36mtarget/surefire-reports/\u001b[0m"}
{"level":"info","time":"2024-02-01T16:32:19.098+0530","caller":"models/HypertestYamlConfig.go:602","msg":""}
{"level":"debug","time":"2024-02-01T16:32:19.098+0530","caller":"filevalidator/setup.go:46","msg":"Warning: Checking data.json file in current directory, no dataJsonPath found in .hyperexecute.yaml"}
{"level":"debug","time":"2024-02-01T16:32:19.098+0530","caller":"filevalidator/setup.go:50","msg":"Warning: data.json file doesn't exist"}
{"level":"debug","time":"2024-02-01T16:32:19.151+0530","caller":"apiserver/setup.go:129","msg":"Starting API server"}
{"level":"debug","time":"2024-02-01T16:32:19.214+0530","caller":"apiserver/setup.go:98","msg":"Starting API server for test results on port: 9191"}
{"level":"debug","time":"2024-02-01T16:32:20.405+0530","caller":"java/maven.go:78","msg":"got asset version details &{Name: Min:0.7 Max:0.7}"}
{"level":"debug","time":"2024-02-01T16:32:23.363+0530","caller":"java/maven.go:110","msg":"java runner already up to date"}
{"level":"debug","time":"2024-02-01T16:32:23.363+0530","caller":"testdiscoverer/discoverer.go:159","msg":"Running discovery command mvn test -Dframework=testng -Dtestngxml=single -Dmode=discover -DfailIfNoTests=false"}
{"level":"debug","time":"2024-02-01T16:32:35.794+0530","caller":"apiserver/setup.go:79","msg":"Tests discovered &{IsTestNGXmlSuite:true DiscoveredItems:[com.lambdatest.TestNGTodo2#basicTest]}"}
{"level":"debug","time":"2024-02-01T16:32:35.939+0530","caller":"testdiscoverer/discoverer.go:193","msg":"Stdout: [INFO] Scanning for projects...\r\n[INFO] Configured: Java-TestNG-Selenium\r\n[INFO] \r\n[INFO] -------------< Java-TestNG-Selenium:Java-TestNG-Selenium >--------------\r\n[INFO] Building Java-TestNG-Selenium 0.0.1-SNAPSHOT\r\n[INFO]   from pom.xml\r\n[INFO] --------------------------------[ jar ]---------------------------------\r\n[INFO] \r\n[INFO] --- resources:3.3.1:resources (default-resources) @ Java-TestNG-Selenium ---\r\n[WARNING] Using platform encoding (Cp1252 actually) to copy filtered resources, i.e. build is platform dependent!\r\n[INFO] skip non existing resourceDirectory C:\\HyperExecute Assignment\\java-testng-selenium\\Java-TestNG-Selenium\\src\r\n[INFO] \r\n[INFO] --- compiler:3.7.0:compile (default-compile) @ Java-TestNG-Selenium ---\r\n[INFO] No sources to compile\r\n[INFO] \r\n[INFO] --- resources:3.3.1:testResources (default-testResources) @ Java-TestNG-Selenium ---\r\n[WARNING] Using platform encoding (Cp1252 actually) to copy filtered resources, i.e. build is platform dependent!\r\n[INFO] skip non existing resourceDirectory C:\\HyperExecute Assignment\\java-testng-selenium\\src\\test\\resources\r\n[INFO] \r\n[INFO] --- compiler:3.7.0:testCompile (default-testCompile) @ Java-TestNG-Selenium ---\r\n[INFO] Nothing to compile - all classes are up to date\r\n[INFO] \r\n[INFO] --- surefire:3.2.5:test (default-test) @ Java-TestNG-Selenium ---\r\nDownloading from central: https://repo.maven.apache.org/maven2/org/eclipse/sisu/org.eclipse.sisu.plexus/0.9.0.M2/org.eclipse.sisu.plexus-0.9.0.M2.pom\r\nProgress (1): 1.4/15 kB\rProgress (1): 2.8/15 kB\rProgress (1): 4.1/15 kB\rProgress (1): 5.5/15 kB\rProgress (1): 6.9/15 kB\rProgress (1): 8.3/15 kB\rProgress (1): 9.7/15 kB\rProgress (1): 11/15 kB \rProgress (1): 12/15 kB\rProgress (1): 14/15 kB\rProgress (1): 15 kB   \r                   \rDownloaded from central: https://repo.maven.apache.org/maven2/org/eclipse/sisu/org.eclipse.sisu.plexus/0.9.0.M2/org.eclipse.sisu.plexus-0.9.0.M2.pom (15 kB at 7.0 kB/s)\r\nDownloading from central: https://repo.maven.apache.org/maven2/org/eclipse/sisu/sisu-plexus/0.9.0.M2/sisu-plexus-0.9.0.M2.pom\r\nProgress (1): 1.4/15 kB\rProgress (1): 2.8/15 kB\rProgress (1): 4.1/15 kB\rProgress (1): 5.5/15 kB\rProgress (1): 6.9/15 kB\rProgress (1): 8.3/15 kB\rProgress (1): 9.7/15 kB\rProgress (1): 11/15 kB \rProgress (1): 12/15 kB\rProgress (1): 14/15 kB\rProgress (1): 15 kB   \r                   \rDownloaded from central: https://repo.maven.apache.org/maven2/org/eclipse/sisu/sisu-plexus/0.9.0.M2/sisu-plexus-0.9.0.M2.pom (15 kB at 107 kB/s)\r\nDownloading from central: https://repo.maven.apache.org/maven2/javax/enterprise/cdi-api/1.2/cdi-api-1.2.pom\r\nProgress (1): 1.4/6.3 kB\rProgress (1): 2.8/6.3 kB\rProgress (1): 4.1/6.3 kB\rProgress (1): 5.5/6.3 kB\rProgress (1): 6.3 kB    \r                    \rDownloaded from central: https://repo.maven.apache.org/maven2/javax/enterprise/cdi-api/1.2/cdi-api-1.2.pom (6.3 kB at 48 kB/s)\r\nDownloading from central: https://repo.maven.apache.org/maven2/org/jboss/weld/weld-parent/26/weld-parent-26.pom\r\nProgress (1): 16/32 kB\rProgress (1): 32 kB   \r                   \rDownloaded from central: https://repo.maven.apache.org/maven2/org/jboss/weld/weld-parent/26/weld-parent-26.pom (32 kB at 91 kB/s)\r\nDownloading from central: https://repo.maven.apache.org/maven2/org/eclipse/sisu/org.eclipse.sisu.inject/0.9.0.M2/org.eclipse.sisu.inject-0.9.0.M2.pom\r\nProgress (1): 16/17 kB\rProgress (1): 17 kB   \r                   \rDownloaded from central: https://repo.maven.apache.org/maven2/org/eclipse/sisu/org.eclipse.sisu.inject/0.9.0.M2/org.eclipse.sisu.inject-0.9.0.M2.pom (17 kB at 195 kB/s)\r\nDownloading from central: https://repo.maven.apache.org/maven2/org/eclipse/sisu/sisu-inject/0.9.0.M2/sisu-inject-0.9.0.M2.pom\r\nProgress (1): 15 kB\r                   \rDownloaded from central: https://repo.maven.apache.org/maven2/org/eclipse/sisu/sisu-inject/0.9.0.M2/sisu-inject-0.9.0.M2.pom (15 kB at 154 kB/s)\r\nDownloading from central: https://repo.maven.apache.org/maven2/commons-io/commons-io/2.15.1/commons-io-2.15.1.pom\r\nProgress (1): 16/20 kB\rProgress (1): 20 kB   \r                   \rDownloaded from central: https://repo.maven.apache.org/maven2/commons-io/commons-io/2.15.1/commons-io-2.15.1.pom (20 kB at 182 kB/s)\r\nDownloading from central: https://repo.maven.apache.org/maven2/org/apache/commons/commons-parent/65/commons-parent-65.pom\r\nProgress (1): 16/78 kB\rProgress (1): 33/78 kB\rProgress (1): 37/78 kB\rProgress (1): 53/78 kB\rProgress (1): 69/78 kB\rProgress (1): 78 kB   \r                   \rDownloaded from central: https://repo.maven.apache.org/maven2/org/apache/commons/commons-parent/65/commons-parent-65.pom (78 kB at 340 kB/s)\r\nDownloading from central: https://repo.maven.apache.org/maven2/org/junit/junit-bom/5.10.1/junit-bom-5.10.1.pom\r\nProgress (1): 5.6 kB\r                    \rDownloaded from central: https://repo.maven.apache.org/maven2/org/junit/junit-bom/5.10.1/junit-bom-5.10.1.pom (5.6 kB at 105 kB/s)\r\nDownloading from central: https://repo.maven.apache.org/maven2/org/apache/commons/commons-lang3/3.14.0/commons-lang3-3.14.0.pom\r\nProgress (1): 16/31 kB\rProgress (1): 31 kB   \r                   \rDownloaded from central: https://repo.maven.apache.org/maven2/org/apache/commons/commons-lang3/3.14.0/commons-lang3-3.14.0.pom (31 kB at 339 kB/s)\r\nDownloading from central: https://repo.maven.apache.org/maven2/org/apache/commons/commons-lang3/3.14.0/commons-lang3-3.14.0.jar\r\nProgress (1): 16/658 kB\rProgress (1): 33/658 kB\rProgress (1): 49/658 kB\rProgress (1): 66/658 kB\rProgress (1): 82/658 kB\rProgress (1): 98/658 kB\rProgress (1): 115/658 kB\rProgress (1): 131/658 kB\rProgress (1): 147/658 kB\rProgress (1): 164/658 kB\rProgress (1): 180/658 kB\rProgress (1): 197/658 kB\rProgress (1): 213/658 kB\rProgress (1): 229/658 kB\rProgress (1): 246/658 kB\rProgress (1): 262/658 kB\rProgress (1): 279/658 kB\rProgress (1): 295/658 kB\rProgress (1): 311/658 kB\rProgress (1): 328/658 kB\rProgress (1): 344/658 kB\rProgress (1): 360/658 kB\rProgress (1): 377/658 kB\rProgress (1): 393/658 kB\rProgress (1): 410/658 kB\rProgress (1): 426/658 kB\rProgress (1): 442/658 kB\rProgress (1): 459/658 kB\rProgress (1): 475/658 kB\rProgress (1): 492/658 kB\rProgress (1): 508/658 kB\rProgress (1): 524/658 kB\rProgress (1): 541/658 kB\rProgress (1): 557/658 kB\rProgress (1): 573/658 kB\rProgress (1): 585/658 kB\rProgress (1): 601/658 kB\rProgress (1): 617/658 kB\rProgress (1): 634/658 kB\rProgress (1): 650/658 kB\rProgress (1): 658 kB    \r                    \rDownloaded from central: https://repo.maven.apache.org/maven2/org/apache/commons/commons-lang3/3.14.0/commons-lang3-3.14.0.jar (658 kB at 577 kB/s)\r\nDownloading from central: https://repo.maven.apache.org/maven2/commons-io/commons-io/2.15.1/commons-io-2.15.1.jar\r\nProgress (1): 16/501 kB\rProgress (1): 33/501 kB\rProgress (1): 37/501 kB\rProgress (1): 53/501 kB\rProgress (1): 69/501 kB\rProgress (1): 73/501 kB\rProgress (1): 89/501 kB\rProgress (1): 106/501 kB\rProgress (1): 110/501 kB\rProgress (1): 126/501 kB\rProgress (1): 142/501 kB\rProgress (1): 146/501 kB\rProgress (1): 163/501 kB\rProgress (1): 179/501 kB\rProgress (1): 195/501 kB\rProgress (1): 212/501 kB\rProgress (1): 228/501 kB\rProgress (1): 244/501 kB\rProgress (1): 261/501 kB\rProgress (1): 277/501 kB\rProgress (1): 294/501 kB\rProgress (1): 310/501 kB\rProgress (1): 326/501 kB\rProgress (1): 343/501 kB\rProgress (1): 359/501 kB\rProgress (1): 376/501 kB\rProgress (1): 392/501 kB\rProgress (1): 408/501 kB\rProgress (1): 425/501 kB\rProgress (1): 441/501 kB\rProgress (1): 457/501 kB\rProgress (1): 474/501 kB\rProgress (1): 490/501 kB\rProgress (1): 501 kB    \r                    \rDownloaded from central: https://repo.maven.apache.org/maven2/commons-io/commons-io/2.15.1/commons-io-2.15.1.jar (501 kB at 213 kB/s)\r\n[INFO] Using configured provider com.lambdatest.surefire.provider.TestNGProvider\r\n[INFO] \r\n[INFO] -------------------------------------------------------\r\n[INFO]  T E S T S\r\n[INFO] -------------------------------------------------------\r\n[INFO] Total tests discovered: 1\r\n[INFO] Total suites discovered: 1\r\n[INFO] request body: {\"discoveredItems\":[\"com.lambdatest.TestNGTodo2#basicTest\"],\"testNGXMLSuite\":true}\r\n[INFO] \r\n[INFO] Results:\r\n[INFO] \r\n[INFO] Tests run: 0, Failures: 0, Errors: 0, Skipped: 0\r\n[INFO] \r\n[WARNING] Corrupted channel by directly writing to native stream in forked JVM 1. See FAQ web page and the dump file C:\\HyperExecute Assignment\\java-testng-selenium\\target\\surefire-reports\\2024-02-01T16-32-34_140-jvmRun1.dumpstream\r\n[INFO] \r\n[INFO] --- surefire:3.2.5:test (default) @ Java-TestNG-Selenium ---\r\n[INFO] Skipping execution of surefire because it has already been run for this configuration\r\n[INFO] ------------------------------------------------------------------------\r\n[INFO] BUILD SUCCESS\r\n[INFO] ------------------------------------------------------------------------\r\n[INFO] Total time:  10.240 s\r\n[INFO] Finished at: 2024-02-01T16:32:35+05:30\r\n[INFO] ------------------------------------------------------------------------\r\n"}
{"level":"debug","time":"2024-02-01T16:32:35.944+0530","caller":"testdiscoverer/discoverer.go:194","msg":"Stderr: SLF4J: Failed to load class \"org.slf4j.impl.StaticLoggerBinder\".\r\nSLF4J: Defaulting to no-operation (NOP) logger implementation\r\nSLF4J: See http://www.slf4j.org/codes.html#StaticLoggerBinder for further details.\r\n"}
{"level":"info","time":"2024-02-01T16:32:36.455+0530","caller":"core/lifecycle.go:306","msg":"Total tests discovered: 1"}
{"level":"info","time":"2024-02-01T16:32:37.312+0530","caller":"core/lifecycle.go:374","msg":"\u001b[102m\u001b[1m\u001b[30mYou've consumed 12.92 % of your limit. Free trial mins left - 261.24\u001b[0m\u001b[0m\u001b[0m"}
{"level":"debug","time":"2024-02-01T16:32:37.314+0530","caller":"core/lifecycle.go:404","msg":"Job ID: 8dffcb2b-0edc-4dac-ba49-f9473e317d22"}
{"level":"debug","time":"2024-02-01T16:32:37.316+0530","caller":"archivemanager/setup.go:340","msg":"digestMap: map[]"}
{"level":"debug","time":"2024-02-01T16:32:37.316+0530","caller":"archivemanager/setup.go:346","msg":"Creating archive of target directory: C:\\HyperExecute Assignment\\java-testng-selenium"}
{"level":"debug","time":"2024-02-01T16:32:37.341+0530","caller":"core/lifecycle.go:539","msg":"Zip file size: 166.68 kB"}
{"level":"debug","time":"2024-02-01T16:32:37.341+0530","caller":"core/lifecycle.go:549","msg":"Archive location: C:\\HyperExecute Assignment\\java-testng-selenium\\hyperexecute-code-8dffcb2b-0edc-4dac-ba49-f9473e317d22.zip\n"}
{"level":"debug","time":"2024-02-01T16:32:37.352+0530","caller":"storage/azure.go:55","msg":"Payload size: 166.68 kB, source path C:\\HyperExecute Assignment\\java-testng-selenium\\hyperexecute-code-8dffcb2b-0edc-4dac-ba49-f9473e317d22.zip"}
{"level":"debug","time":"2024-02-01T16:32:37.353+0530","caller":"utils/azcopy.go:143","msg":"Downloading dependency binary ..................."}
{"level":"debug","time":"2024-02-01T16:32:37.761+0530","caller":"storage/azure.go:55","msg":"Payload size: 3.09 kB, source path C:\\Users\\jayas\\AppData\\Local\\Temp\\git.diff"}
{"level":"debug","time":"2024-02-01T16:32:38.095+0530","caller":"utils/azcopy.go:100","msg":"Downloading dependency to upload files"}
{"level":"info","time":"2024-02-01T16:33:05.330+0530","caller":"utils/azcopy.go:118","msg":" Dependency binary downloaded successfully"}
{"level":"debug","time":"2024-02-01T16:33:05.330+0530","caller":"utils/azcopy.go:190","msg":"returning from fallback"}
{"level":"debug","time":"2024-02-01T16:33:09.650+0530","caller":"receptionmanager/setup.go:217","msg":"only one runtime entry detected, mapping it to older yaml format"}
{"level":"debug","time":"2024-02-01T16:33:09.651+0530","caller":"receptionmanager/setup.go:149","msg":"Uploading yaml : C:\\HyperExecute Assignment\\java-testng-selenium\\.updatedhyperexecute.yaml"}
{"level":"debug","time":"2024-02-01T16:33:09.659+0530","caller":"storage/azure.go:55","msg":"Payload size: 1.89 kB, source path C:\\HyperExecute Assignment\\java-testng-selenium\\.updatedhyperexecute.yaml"}
{"level":"debug","time":"2024-02-01T16:33:12.863+0530","caller":"core/lifecycle.go:577","msg":"Successfully deleted code archive: C:\\HyperExecute Assignment\\java-testng-selenium\\hyperexecute-code-8dffcb2b-0edc-4dac-ba49-f9473e317d22.zip\n"}
{"level":"info","time":"2024-02-01T16:33:23.099+0530","caller":"jobmanager/setup.go:129","msg":"Job 8dffcb2b-0edc-4dac-ba49-f9473e317d22 has started RUNNING"}
{"level":"info","time":"2024-02-01T16:33:23.100+0530","caller":"jobmanager/setup.go:372","msg":"Job Link: https://hyperexecute.lambdatest.com/hyperexecute/task?jobId=8dffcb2b-0edc-4dac-ba49-f9473e317d22\n"}
{"level":"debug","time":"2024-02-01T16:33:23.100+0530","caller":"jobmanager/setup.go:138","msg":"New Tasks generated"}
{"level":"debug","time":"2024-02-01T16:33:23.100+0530","caller":"jobmanager/setup.go:149","msg":"Task id: 0b888d31-57ce-4308-8071-ca653faa93ea"}
{"level":"debug","time":"2024-02-01T16:33:23.101+0530","caller":"jobmanager/setup.go:152","msg":"Sending new task alert to stage manager for taskId: 0b888d31-57ce-4308-8071-ca653faa93ea"}
{"level":"info","time":"2024-02-01T16:33:23.406+0530","caller":"terminal/terminal.go:185","msg":" [1]  cache-download (2s)\n"}
{"level":"info","time":"2024-02-01T16:33:34.677+0530","caller":"terminal/terminal.go:185","msg":" [1]  setup-runtime (9s)\n"}
{"level":"info","time":"2024-02-01T16:33:42.108+0530","caller":"terminal/terminal.go:185","msg":" [1]  pre (5s)\n"}
{"level":"info","time":"2024-02-01T16:33:46.681+0530","caller":"terminal/terminal.go:185","msg":" [1]  discovery (1s)\n"}
{"level":"info","time":"2024-02-01T16:34:01.617+0530","caller":"terminal/terminal.go:185","msg":" [1]  com.lambdatest.TestNGTodo2#basicTest (11s)\n"}
{"level":"info","time":"2024-02-01T16:34:05.023+0530","caller":"terminal/terminal.go:185","msg":" [1]  post (2s)\n"}
{"level":"info","time":"2024-02-01T16:34:12.569+0530","caller":"jobmanager/setup.go:131","msg":"Job 8dffcb2b-0edc-4dac-ba49-f9473e317d22 has COMPLETED"}
{"level":"info","time":"2024-02-01T16:34:12.570+0530","caller":"jobmanager/setup.go:372","msg":"Job Link: https://hyperexecute.lambdatest.com/hyperexecute/task?jobId=8dffcb2b-0edc-4dac-ba49-f9473e317d22\n"}
{"level":"debug","time":"2024-02-01T16:34:12.584+0530","caller":"jobmanager/setup.go:204","msg":"\n\nJob status"}
{"level":"info","time":"2024-02-01T16:34:12.584+0530","caller":"jobmanager/setup.go:210","msg":"\n\nJob status"}
{"level":"info","time":"2024-02-01T16:34:12.585+0530","caller":"jobmanager/setup.go:220","msg":" ID: 8dffcb2b-0edc-4dac-ba49-f9473e317d22\n Status: COMPLETED\n Remark: \n OrgID: 1683030\n Created: 2024-02-01 11:02:36 +0000 UTC\n Updated: 2024-02-01 11:04:11 +0000 UTC\n global timeout: 150\n testsuite timeout: 150\n retry on failure: true\n start time: 2024-02-01 11:03:17 +0000 UTC\n end time: 2024-02-01 11:04:11 +0000 UTC\n duration: 54s"}
{"level":"info","time":"2024-02-01T16:34:12.587+0530","caller":"jobmanager/setup.go:225","msg":"\n\nTask status\n"}
{"level":"info","time":"2024-02-01T16:34:12.587+0530","caller":"jobmanager/setup.go:231","msg":" ID: 0b888d31-57ce-4308-8071-ca653faa93ea\n Status: completed\n Remark: completed\n Created: 2024-02-01 11:03:16 +0000 UTC\n Updated: 2024-02-01 11:04:11 +0000 UTC\n context: {\"_jobId\": \"8dffcb2b-0edc-4dac-ba49-f9473e317d22\", \"_taskId\": \"0b888d31-57ce-4308-8071-ca653faa93ea\"}\n tunnel name: \n os: linux\n start time: 2024-02-01 11:03:17 +0000 UTC\n end time: 2024-02-01 11:04:11 +0000 UTC\n duration: 54s"}
{"level":"info","time":"2024-02-01T16:34:12.588+0530","caller":"jobmanager/setup.go:236","msg":"\n"}
{"level":"debug","time":"2024-02-01T16:34:12.588+0530","caller":"apiserver/setup.go:94","msg":"Shutting down the api server"}
{"level":"debug","time":"2024-02-01T16:34:12.588+0530","caller":"core/lifecycle.go:740","msg":"Context canceled"}
{"level":"info","time":"2024-02-01T16:34:12.588+0530","caller":"jobmanager/JobSummaryManager.go:37","msg":"\n COMPLETED \n"}
{"level":"info","time":"2024-02-01T16:34:12.589+0530","caller":"core/lifecycle.go:743","msg":"Stopping pipeline gracefully"}
{"level":"info","time":"2024-02-01T16:34:12.589+0530","caller":"jobmanager/JobSummaryManager.go:96","msg":"    Test Execution Time:                  1s"}
{"level":"info","time":"2024-02-01T16:34:12.589+0530","caller":"jobmanager/JobSummaryManager.go:96","msg":"    Job Duration Time:                    54s"}
{"level":"info","time":"2024-02-01T16:34:12.589+0530","caller":"jobmanager/JobSummaryManager.go:96","msg":"    Total Tasks:                          1"}
{"level":"info","time":"2024-02-01T16:34:12.589+0530","caller":"jobmanager/setup.go:372","msg":"Job Link: https://hyperexecute.lambdatest.com/hyperexecute/task?jobId=8dffcb2b-0edc-4dac-ba49-f9473e317d22\n"}
{"level":"info","time":"2024-02-01T16:34:12.589+0530","caller":"jobmanager/JobSummaryManager.go:96","msg":"    Cumulative Time Consumed:             54s"}
{"level":"debug","time":"2024-02-01T16:34:12.590+0530","caller":"core/lifecycle.go:54","msg":"Quit requested from main goroutine...."}
{"level":"info","time":"2024-02-01T16:34:12.590+0530","caller":"jobmanager/JobSummaryManager.go:96","msg":"    Total Stages:                         4"}
{"level":"debug","time":"2024-02-01T16:34:12.590+0530","caller":"core/lifecycle.go:55","msg":"Waiting for the goroutines to exit"}
{"level":"info","time":"2024-02-01T16:34:12.590+0530","caller":"jobmanager/JobSummaryManager.go:96","msg":"    Pass discovery stage percentage:      100.00%"}
{"level":"debug","time":"2024-02-01T16:34:12.591+0530","caller":"core/lifecycle.go:58","msg":"All lifecycle goroutines exited"}
{"level":"info","time":"2024-02-01T16:34:12.591+0530","caller":"jobmanager/JobSummaryManager.go:96","msg":"    Failed discovery stage percentage:    0.00%"}
{"level":"debug","time":"2024-02-01T16:34:12.591+0530","caller":"cmd/bin.go:263","msg":"main: all goroutines have finished."}
{"level":"debug","time":"2024-02-01T16:40:58.781+0530","caller":"cmd/bin.go:100","msg":"cli os: windows, cli arch: amd64"}
{"level":"debug","time":"2024-02-01T16:40:59.158+0530","caller":"cmd/bin.go:108","msg":"Upstream version: {Name: Min:0.2.152 Max:0.2.152} "}
{"level":"debug","time":"2024-02-01T16:41:01.697+0530","caller":"core/lifecycle.go:116","msg":"Setting environment"}
{"level":"debug","time":"2024-02-01T16:41:01.699+0530","caller":"core/lifecycle.go:119","msg":"Parsing config"}
{"level":"debug","time":"2024-02-01T16:41:01.699+0530","caller":"yamlconfigmanager/setup.go:498","msg":"Custom location for .hyperexecute.yaml specified. Using: hyperexecute.yaml"}
{"level":"debug","time":"2024-02-01T16:41:01.700+0530","caller":"yamlconfigmanager/setup.go:85","msg":"using hyperexecute config from : hyperexecute.yaml"}
{"level":"debug","time":"2024-02-01T16:41:02.304+0530","caller":"yamlconfigmanager/setup.go:1956","msg":"Autodetecting test type in files of path : C:\\HyperExecute Assignment\\java-testng-selenium"}
{"level":"debug","time":"2024-02-01T16:41:02.305+0530","caller":"yamlconfigmanager/setup.go:377","msg":"Tunnel: false"}
{"level":"info","time":"2024-02-01T16:41:02.306+0530","caller":"models/HypertestYamlConfig.go:589","msg":"\n\u001b[4m\u001b[1m\u001b[97mExecution Plan\u001b[0m\u001b[0m\u001b[0m"}
{"level":"info","time":"2024-02-01T16:41:02.307+0530","caller":"models/HypertestYamlConfig.go:393","msg":"Mode:    \u001b[36mautosplit\u001b[0m"}
{"level":"info","time":"2024-02-01T16:41:02.307+0530","caller":"models/HypertestYamlConfig.go:453","msg":"Runson:    \u001b[36mlinux\u001b[0m"}
{"level":"info","time":"2024-02-01T16:41:02.308+0530","caller":"models/HypertestYamlConfig.go:461","msg":"Concurrency:    \u001b[36m1\u001b[0m"}
{"level":"info","time":"2024-02-01T16:41:02.309+0530","caller":"models/HypertestYamlConfig.go:478","msg":"Framework:"}
{"level":"info","time":"2024-02-01T16:41:02.310+0530","caller":"models/HypertestYamlConfig.go:479","msg":"    Name:    \u001b[36mmaven/testng\u001b[0m"}
{"level":"info","time":"2024-02-01T16:41:02.310+0530","caller":"models/HypertestYamlConfig.go:484","msg":"    Flags:"}
{"level":"info","time":"2024-02-01T16:41:02.310+0530","caller":"models/HypertestYamlConfig.go:486","msg":"        \u001b[36m-Dtestngxml=single\u001b[0m"}
{"level":"info","time":"2024-02-01T16:41:02.311+0530","caller":"models/HypertestYamlConfig.go:511","msg":"    discoveryType:    \u001b[36mmethod\u001b[0m"}
{"level":"info","time":"2024-02-01T16:41:02.312+0530","caller":"models/HypertestYamlConfig.go:522","msg":"Report:    \u001b[36mdisabled\u001b[0m"}
{"level":"info","time":"2024-02-01T16:41:02.312+0530","caller":"models/HypertestYamlConfig.go:536","msg":"Artefacts:"}
{"level":"info","time":"2024-02-01T16:41:02.313+0530","caller":"models/HypertestYamlConfig.go:539","msg":"    ExecutionSnapshots:    \u001b[36mtarget/surefire-reports/\u001b[0m"}
{"level":"info","time":"2024-02-01T16:41:02.313+0530","caller":"models/HypertestYamlConfig.go:602","msg":""}
{"level":"debug","time":"2024-02-01T16:41:02.314+0530","caller":"filevalidator/setup.go:46","msg":"Warning: Checking data.json file in current directory, no dataJsonPath found in .hyperexecute.yaml"}
{"level":"debug","time":"2024-02-01T16:41:02.315+0530","caller":"filevalidator/setup.go:50","msg":"Warning: data.json file doesn't exist"}
{"level":"debug","time":"2024-02-01T16:41:02.368+0530","caller":"apiserver/setup.go:129","msg":"Starting API server"}
{"level":"debug","time":"2024-02-01T16:41:02.431+0530","caller":"apiserver/setup.go:98","msg":"Starting API server for test results on port: 9191"}
{"level":"debug","time":"2024-02-01T16:41:03.338+0530","caller":"java/maven.go:78","msg":"got asset version details &{Name: Min:0.7 Max:0.7}"}
{"level":"debug","time":"2024-02-01T16:41:06.207+0530","caller":"java/maven.go:110","msg":"java runner already up to date"}
{"level":"debug","time":"2024-02-01T16:41:06.208+0530","caller":"testdiscoverer/discoverer.go:159","msg":"Running discovery command mvn test -Dframework=testng -Dtestngxml=single -Dmode=discover -DfailIfNoTests=false"}
{"level":"debug","time":"2024-02-01T16:41:11.316+0530","caller":"apiserver/setup.go:79","msg":"Tests discovered &{IsTestNGXmlSuite:true DiscoveredItems:[com.lambdatest.TestNGTodo2#basicTest]}"}
{"level":"debug","time":"2024-02-01T16:41:11.436+0530","caller":"testdiscoverer/discoverer.go:193","msg":"Stdout: [INFO] Scanning for projects...\r\n[INFO] Configured: Java-TestNG-Selenium\r\n[INFO] \r\n[INFO] -------------< Java-TestNG-Selenium:Java-TestNG-Selenium >--------------\r\n[INFO] Building Java-TestNG-Selenium 0.0.1-SNAPSHOT\r\n[INFO]   from pom.xml\r\n[INFO] --------------------------------[ jar ]---------------------------------\r\n[INFO] \r\n[INFO] --- resources:3.3.1:resources (default-resources) @ Java-TestNG-Selenium ---\r\n[WARNING] Using platform encoding (Cp1252 actually) to copy filtered resources, i.e. build is platform dependent!\r\n[INFO] skip non existing resourceDirectory C:\\HyperExecute Assignment\\java-testng-selenium\\Java-TestNG-Selenium\\src\r\n[INFO] \r\n[INFO] --- compiler:3.7.0:compile (default-compile) @ Java-TestNG-Selenium ---\r\n[INFO] No sources to compile\r\n[INFO] \r\n[INFO] --- resources:3.3.1:testResources (default-testResources) @ Java-TestNG-Selenium ---\r\n[WARNING] Using platform encoding (Cp1252 actually) to copy filtered resources, i.e. build is platform dependent!\r\n[INFO] skip non existing resourceDirectory C:\\HyperExecute Assignment\\java-testng-selenium\\src\\test\\resources\r\n[INFO] \r\n[INFO] --- compiler:3.7.0:testCompile (default-testCompile) @ Java-TestNG-Selenium ---\r\n[INFO] Nothing to compile - all classes are up to date\r\n[INFO] \r\n[INFO] --- surefire:3.2.5:test (default-test) @ Java-TestNG-Selenium ---\r\n[INFO] Using configured provider com.lambdatest.surefire.provider.TestNGProvider\r\n[INFO] \r\n[INFO] -------------------------------------------------------\r\n[INFO]  T E S T S\r\n[INFO] -------------------------------------------------------\r\n[INFO] Total tests discovered: 1\r\n[INFO] Total suites discovered: 1\r\n[INFO] request body: {\"discoveredItems\":[\"com.lambdatest.TestNGTodo2#basicTest\"],\"testNGXMLSuite\":true}\r\n[INFO] \r\n[INFO] Results:\r\n[INFO] \r\n[INFO] Tests run: 0, Failures: 0, Errors: 0, Skipped: 0\r\n[INFO] \r\n[WARNING] Corrupted channel by directly writing to native stream in forked JVM 1. See FAQ web page and the dump file C:\\HyperExecute Assignment\\java-testng-selenium\\target\\surefire-reports\\2024-02-01T16-41-09_659-jvmRun1.dumpstream\r\n[INFO] \r\n[INFO] --- surefire:3.2.5:test (default) @ Java-TestNG-Selenium ---\r\n[INFO] Skipping execution of surefire because it has already been run for this configuration\r\n[INFO] ------------------------------------------------------------------------\r\n[INFO] BUILD SUCCESS\r\n[INFO] ------------------------------------------------------------------------\r\n[INFO] Total time:  2.937 s\r\n[INFO] Finished at: 2024-02-01T16:41:11+05:30\r\n[INFO] ------------------------------------------------------------------------\r\n"}
{"level":"debug","time":"2024-02-01T16:41:11.440+0530","caller":"testdiscoverer/discoverer.go:194","msg":"Stderr: SLF4J: Failed to load class \"org.slf4j.impl.StaticLoggerBinder\".\r\nSLF4J: Defaulting to no-operation (NOP) logger implementation\r\nSLF4J: See http://www.slf4j.org/codes.html#StaticLoggerBinder for further details.\r\n"}
{"level":"info","time":"2024-02-01T16:41:11.950+0530","caller":"core/lifecycle.go:306","msg":"Total tests discovered: 1"}
{"level":"info","time":"2024-02-01T16:41:12.610+0530","caller":"core/lifecycle.go:374","msg":"\u001b[102m\u001b[1m\u001b[30mYou've consumed 13.22 % of your limit. Free trial mins left - 260.33\u001b[0m\u001b[0m\u001b[0m"}
{"level":"debug","time":"2024-02-01T16:41:12.611+0530","caller":"core/lifecycle.go:404","msg":"Job ID: a723d371-6115-4e83-9b0b-0319ff0f4246"}
{"level":"debug","time":"2024-02-01T16:41:12.613+0530","caller":"archivemanager/setup.go:340","msg":"digestMap: map[]"}
{"level":"debug","time":"2024-02-01T16:41:12.614+0530","caller":"archivemanager/setup.go:346","msg":"Creating archive of target directory: C:\\HyperExecute Assignment\\java-testng-selenium"}
{"level":"debug","time":"2024-02-01T16:41:12.630+0530","caller":"core/lifecycle.go:539","msg":"Zip file size: 166.83 kB"}
{"level":"debug","time":"2024-02-01T16:41:12.631+0530","caller":"core/lifecycle.go:549","msg":"Archive location: C:\\HyperExecute Assignment\\java-testng-selenium\\hyperexecute-code-a723d371-6115-4e83-9b0b-0319ff0f4246.zip\n"}
{"level":"debug","time":"2024-02-01T16:41:12.646+0530","caller":"storage/azure.go:55","msg":"Payload size: 166.83 kB, source path C:\\HyperExecute Assignment\\java-testng-selenium\\hyperexecute-code-a723d371-6115-4e83-9b0b-0319ff0f4246.zip"}
{"level":"debug","time":"2024-02-01T16:41:13.061+0530","caller":"storage/azure.go:55","msg":"Payload size: 3.09 kB, source path C:\\Users\\jayas\\AppData\\Local\\Temp\\git.diff"}
{"level":"debug","time":"2024-02-01T16:41:17.978+0530","caller":"receptionmanager/setup.go:217","msg":"only one runtime entry detected, mapping it to older yaml format"}
{"level":"debug","time":"2024-02-01T16:41:17.979+0530","caller":"receptionmanager/setup.go:149","msg":"Uploading yaml : C:\\HyperExecute Assignment\\java-testng-selenium\\.updatedhyperexecute.yaml"}
{"level":"debug","time":"2024-02-01T16:41:17.993+0530","caller":"storage/azure.go:55","msg":"Payload size: 1.93 kB, source path C:\\HyperExecute Assignment\\java-testng-selenium\\.updatedhyperexecute.yaml"}
{"level":"debug","time":"2024-02-01T16:41:21.282+0530","caller":"core/lifecycle.go:577","msg":"Successfully deleted code archive: C:\\HyperExecute Assignment\\java-testng-selenium\\hyperexecute-code-a723d371-6115-4e83-9b0b-0319ff0f4246.zip\n"}
{"level":"info","time":"2024-02-01T16:41:27.538+0530","caller":"jobmanager/setup.go:129","msg":"Job a723d371-6115-4e83-9b0b-0319ff0f4246 has started RUNNING"}
{"level":"info","time":"2024-02-01T16:41:27.538+0530","caller":"jobmanager/setup.go:372","msg":"Job Link: https://hyperexecute.lambdatest.com/hyperexecute/task?jobId=a723d371-6115-4e83-9b0b-0319ff0f4246\n"}
{"level":"debug","time":"2024-02-01T16:41:27.538+0530","caller":"jobmanager/setup.go:138","msg":"New Tasks generated"}
{"level":"debug","time":"2024-02-01T16:41:27.539+0530","caller":"jobmanager/setup.go:149","msg":"Task id: 3077db75-4583-4668-97c2-2a9129fe8a22"}
{"level":"debug","time":"2024-02-01T16:41:27.539+0530","caller":"jobmanager/setup.go:152","msg":"Sending new task alert to stage manager for taskId: 3077db75-4583-4668-97c2-2a9129fe8a22"}
{"level":"info","time":"2024-02-01T16:41:28.794+0530","caller":"terminal/terminal.go:185","msg":" [1]  cache-download (3s)\n"}
{"level":"info","time":"2024-02-01T16:41:43.808+0530","caller":"terminal/terminal.go:185","msg":" [1]  setup-runtime (11s)\n"}
{"level":"info","time":"2024-02-01T16:41:48.732+0530","caller":"terminal/terminal.go:185","msg":" [1]  pre (2s)\n"}
{"level":"info","time":"2024-02-01T16:41:53.072+0530","caller":"terminal/terminal.go:185","msg":" [1]  discovery (1s)\n"}
{"level":"info","time":"2024-02-01T16:42:07.426+0530","caller":"terminal/terminal.go:185","msg":" [1]  com.lambdatest.TestNGTodo2#basicTest (10s)\n"}
{"level":"info","time":"2024-02-01T16:42:10.887+0530","caller":"terminal/terminal.go:185","msg":" [1]  post (1s)\n"}
{"level":"info","time":"2024-02-01T16:42:22.409+0530","caller":"jobmanager/setup.go:131","msg":"Job a723d371-6115-4e83-9b0b-0319ff0f4246 has COMPLETED"}
{"level":"info","time":"2024-02-01T16:42:22.409+0530","caller":"jobmanager/setup.go:372","msg":"Job Link: https://hyperexecute.lambdatest.com/hyperexecute/task?jobId=a723d371-6115-4e83-9b0b-0319ff0f4246\n"}
{"level":"debug","time":"2024-02-01T16:42:22.433+0530","caller":"jobmanager/setup.go:204","msg":"\n\nJob status"}
{"level":"info","time":"2024-02-01T16:42:22.434+0530","caller":"jobmanager/setup.go:210","msg":"\n\nJob status"}
{"level":"info","time":"2024-02-01T16:42:22.434+0530","caller":"jobmanager/setup.go:220","msg":" ID: a723d371-6115-4e83-9b0b-0319ff0f4246\n Status: COMPLETED\n Remark: \n OrgID: 1683030\n Created: 2024-02-01 11:11:11 +0000 UTC\n Updated: 2024-02-01 11:12:17 +0000 UTC\n global timeout: 150\n testsuite timeout: 150\n retry on failure: true\n start time: 2024-02-01 11:11:21 +0000 UTC\n end time: 2024-02-01 11:12:17 +0000 UTC\n duration: 56s"}
{"level":"info","time":"2024-02-01T16:42:22.435+0530","caller":"jobmanager/setup.go:225","msg":"\n\nTask status\n"}
{"level":"info","time":"2024-02-01T16:42:22.435+0530","caller":"jobmanager/setup.go:231","msg":" ID: 3077db75-4583-4668-97c2-2a9129fe8a22\n Status: completed\n Remark: completed\n Created: 2024-02-01 11:11:21 +0000 UTC\n Updated: 2024-02-01 11:12:17 +0000 UTC\n context: {\"_jobId\": \"a723d371-6115-4e83-9b0b-0319ff0f4246\", \"_taskId\": \"3077db75-4583-4668-97c2-2a9129fe8a22\"}\n tunnel name: \n os: linux\n start time: 2024-02-01 11:11:21 +0000 UTC\n end time: 2024-02-01 11:12:17 +0000 UTC\n duration: 56s"}
{"level":"info","time":"2024-02-01T16:42:22.436+0530","caller":"jobmanager/setup.go:236","msg":"\n"}
{"level":"info","time":"2024-02-01T16:42:22.436+0530","caller":"jobmanager/JobSummaryManager.go:37","msg":"\n COMPLETED \n"}
{"level":"info","time":"2024-02-01T16:42:22.437+0530","caller":"jobmanager/JobSummaryManager.go:96","msg":"    Test Execution Time:                  2s"}
{"level":"debug","time":"2024-02-01T16:42:22.436+0530","caller":"apiserver/setup.go:94","msg":"Shutting down the api server"}
{"level":"debug","time":"2024-02-01T16:42:22.436+0530","caller":"core/lifecycle.go:740","msg":"Context canceled"}
{"level":"info","time":"2024-02-01T16:42:22.437+0530","caller":"jobmanager/JobSummaryManager.go:96","msg":"    Job Duration Time:                    56s"}
{"level":"info","time":"2024-02-01T16:42:22.438+0530","caller":"core/lifecycle.go:743","msg":"Stopping pipeline gracefully"}
{"level":"info","time":"2024-02-01T16:42:22.438+0530","caller":"jobmanager/JobSummaryManager.go:96","msg":"    Total Tasks:                          1"}
{"level":"info","time":"2024-02-01T16:42:22.438+0530","caller":"jobmanager/JobSummaryManager.go:96","msg":"    Cumulative Time Consumed:             56s"}
{"level":"info","time":"2024-02-01T16:42:22.438+0530","caller":"jobmanager/JobSummaryManager.go:96","msg":"    Total Stages:                         4"}
{"level":"info","time":"2024-02-01T16:42:22.438+0530","caller":"jobmanager/setup.go:372","msg":"Job Link: https://hyperexecute.lambdatest.com/hyperexecute/task?jobId=a723d371-6115-4e83-9b0b-0319ff0f4246\n"}
{"level":"debug","time":"2024-02-01T16:42:22.439+0530","caller":"core/lifecycle.go:54","msg":"Quit requested from main goroutine...."}
{"level":"info","time":"2024-02-01T16:42:22.439+0530","caller":"jobmanager/JobSummaryManager.go:96","msg":"    Pass discovery stage percentage:      100.00%"}
{"level":"info","time":"2024-02-01T16:42:22.439+0530","caller":"jobmanager/JobSummaryManager.go:96","msg":"    Failed discovery stage percentage:    0.00%"}
{"level":"info","time":"2024-02-01T16:42:22.439+0530","caller":"jobmanager/JobSummaryManager.go:96","msg":"    Pass pre stage percentage:            100.00%"}
{"level":"debug","time":"2024-02-01T16:42:22.439+0530","caller":"core/lifecycle.go:55","msg":"Waiting for the goroutines to exit"}
{"level":"info","time":"2024-02-01T16:42:22.440+0530","caller":"jobmanager/JobSummaryManager.go:96","msg":"    Failed pre stage percentage:          0.00%"}
{"level":"debug","time":"2024-02-01T16:42:22.440+0530","caller":"core/lifecycle.go:58","msg":"All lifecycle goroutines exited"}
{"level":"info","time":"2024-02-01T16:42:22.440+0530","caller":"jobmanager/JobSummaryManager.go:96","msg":"    Pass test stage percentage:           100.00%"}
{"level":"info","time":"2024-02-01T16:42:22.441+0530","caller":"jobmanager/JobSummaryManager.go:96","msg":"    Failed test stage percentage:         0.00%"}
{"level":"debug","time":"2024-02-01T16:42:22.440+0530","caller":"cmd/bin.go:263","msg":"main: all goroutines have finished."}
{"level":"debug","time":"2024-02-01T16:50:57.558+0530","caller":"cmd/bin.go:100","msg":"cli os: windows, cli arch: amd64"}
{"level":"debug","time":"2024-02-01T16:50:57.969+0530","caller":"cmd/bin.go:108","msg":"Upstream version: {Name: Min:0.2.152 Max:0.2.152} "}
{"level":"debug","time":"2024-02-01T16:51:00.452+0530","caller":"core/lifecycle.go:116","msg":"Setting environment"}
{"level":"debug","time":"2024-02-01T16:51:00.454+0530","caller":"core/lifecycle.go:119","msg":"Parsing config"}
{"level":"debug","time":"2024-02-01T16:51:00.455+0530","caller":"yamlconfigmanager/setup.go:498","msg":"Custom location for .hyperexecute.yaml specified. Using: hyperexecute.yaml"}
{"level":"debug","time":"2024-02-01T16:51:00.456+0530","caller":"yamlconfigmanager/setup.go:85","msg":"using hyperexecute config from : hyperexecute.yaml"}
{"level":"debug","time":"2024-02-01T16:51:00.815+0530","caller":"yamlconfigmanager/setup.go:1956","msg":"Autodetecting test type in files of path : C:\\HyperExecute Assignment\\java-testng-selenium"}
{"level":"debug","time":"2024-02-01T16:51:00.817+0530","caller":"yamlconfigmanager/setup.go:377","msg":"Tunnel: false"}
{"level":"info","time":"2024-02-01T16:51:00.818+0530","caller":"models/HypertestYamlConfig.go:589","msg":"\n\u001b[4m\u001b[1m\u001b[97mExecution Plan\u001b[0m\u001b[0m\u001b[0m"}
{"level":"info","time":"2024-02-01T16:51:00.819+0530","caller":"models/HypertestYamlConfig.go:393","msg":"Mode:    \u001b[36mautosplit\u001b[0m"}
{"level":"info","time":"2024-02-01T16:51:00.819+0530","caller":"models/HypertestYamlConfig.go:453","msg":"Runson:    \u001b[36mlinux\u001b[0m"}
{"level":"info","time":"2024-02-01T16:51:00.820+0530","caller":"models/HypertestYamlConfig.go:461","msg":"Concurrency:    \u001b[36m1\u001b[0m"}
{"level":"info","time":"2024-02-01T16:51:00.820+0530","caller":"models/HypertestYamlConfig.go:478","msg":"Framework:"}
{"level":"info","time":"2024-02-01T16:51:00.821+0530","caller":"models/HypertestYamlConfig.go:479","msg":"    Name:    \u001b[36mmaven/testng\u001b[0m"}
{"level":"info","time":"2024-02-01T16:51:00.821+0530","caller":"models/HypertestYamlConfig.go:484","msg":"    Flags:"}
{"level":"info","time":"2024-02-01T16:51:00.822+0530","caller":"models/HypertestYamlConfig.go:486","msg":"        \u001b[36m-Dtestngxml=single\u001b[0m"}
{"level":"info","time":"2024-02-01T16:51:00.823+0530","caller":"models/HypertestYamlConfig.go:511","msg":"    discoveryType:    \u001b[36mmethod\u001b[0m"}
{"level":"info","time":"2024-02-01T16:51:00.824+0530","caller":"models/HypertestYamlConfig.go:522","msg":"Report:    \u001b[36mdisabled\u001b[0m"}
{"level":"info","time":"2024-02-01T16:51:00.824+0530","caller":"models/HypertestYamlConfig.go:536","msg":"Artefacts:"}
{"level":"info","time":"2024-02-01T16:51:00.825+0530","caller":"models/HypertestYamlConfig.go:539","msg":"    ExecutionSnapshots:    \u001b[36mtarget/surefire-reports/\u001b[0m"}
{"level":"info","time":"2024-02-01T16:51:00.826+0530","caller":"models/HypertestYamlConfig.go:602","msg":""}
{"level":"debug","time":"2024-02-01T16:51:00.826+0530","caller":"filevalidator/setup.go:46","msg":"Warning: Checking data.json file in current directory, no dataJsonPath found in .hyperexecute.yaml"}
{"level":"debug","time":"2024-02-01T16:51:00.828+0530","caller":"filevalidator/setup.go:50","msg":"Warning: data.json file doesn't exist"}
{"level":"debug","time":"2024-02-01T16:51:00.889+0530","caller":"apiserver/setup.go:129","msg":"Starting API server"}
{"level":"debug","time":"2024-02-01T16:51:00.950+0530","caller":"apiserver/setup.go:98","msg":"Starting API server for test results on port: 9191"}
{"level":"debug","time":"2024-02-01T16:51:02.115+0530","caller":"java/maven.go:78","msg":"got asset version details &{Name: Min:0.7 Max:0.7}"}
{"level":"debug","time":"2024-02-01T16:51:05.178+0530","caller":"java/maven.go:110","msg":"java runner already up to date"}
{"level":"debug","time":"2024-02-01T16:51:05.178+0530","caller":"testdiscoverer/discoverer.go:159","msg":"Running discovery command mvn test -Dframework=testng -Dtestngxml=single -Dmode=discover -DfailIfNoTests=false"}
{"level":"debug","time":"2024-02-01T16:51:10.261+0530","caller":"apiserver/setup.go:79","msg":"Tests discovered &{IsTestNGXmlSuite:true DiscoveredItems:[com.lambdatest.TestNGTodo2#basicTest]}"}
{"level":"debug","time":"2024-02-01T16:51:10.388+0530","caller":"testdiscoverer/discoverer.go:193","msg":"Stdout: [INFO] Scanning for projects...\r\n[INFO] Configured: Java-TestNG-Selenium\r\n[INFO] \r\n[INFO] -------------< Java-TestNG-Selenium:Java-TestNG-Selenium >--------------\r\n[INFO] Building Java-TestNG-Selenium 0.0.1-SNAPSHOT\r\n[INFO]   from pom.xml\r\n[INFO] --------------------------------[ jar ]---------------------------------\r\n[INFO] \r\n[INFO] --- resources:3.3.1:resources (default-resources) @ Java-TestNG-Selenium ---\r\n[WARNING] Using platform encoding (Cp1252 actually) to copy filtered resources, i.e. build is platform dependent!\r\n[INFO] skip non existing resourceDirectory C:\\HyperExecute Assignment\\java-testng-selenium\\Java-TestNG-Selenium\\src\r\n[INFO] \r\n[INFO] --- compiler:3.7.0:compile (default-compile) @ Java-TestNG-Selenium ---\r\n[INFO] No sources to compile\r\n[INFO] \r\n[INFO] --- resources:3.3.1:testResources (default-testResources) @ Java-TestNG-Selenium ---\r\n[WARNING] Using platform encoding (Cp1252 actually) to copy filtered resources, i.e. build is platform dependent!\r\n[INFO] skip non existing resourceDirectory C:\\HyperExecute Assignment\\java-testng-selenium\\src\\test\\resources\r\n[INFO] \r\n[INFO] --- compiler:3.7.0:testCompile (default-testCompile) @ Java-TestNG-Selenium ---\r\n[INFO] Nothing to compile - all classes are up to date\r\n[INFO] \r\n[INFO] --- surefire:3.2.5:test (default-test) @ Java-TestNG-Selenium ---\r\n[INFO] Using configured provider com.lambdatest.surefire.provider.TestNGProvider\r\n[INFO] \r\n[INFO] -------------------------------------------------------\r\n[INFO]  T E S T S\r\n[INFO] -------------------------------------------------------\r\n[INFO] Total tests discovered: 1\r\n[INFO] Total suites discovered: 1\r\n[INFO] request body: {\"discoveredItems\":[\"com.lambdatest.TestNGTodo2#basicTest\"],\"testNGXMLSuite\":true}\r\n[INFO] \r\n[INFO] Results:\r\n[INFO] \r\n[INFO] Tests run: 0, Failures: 0, Errors: 0, Skipped: 0\r\n[INFO] \r\n[WARNING] Corrupted channel by directly writing to native stream in forked JVM 1. See FAQ web page and the dump file C:\\HyperExecute Assignment\\java-testng-selenium\\target\\surefire-reports\\2024-02-01T16-51-08_588-jvmRun1.dumpstream\r\n[INFO] \r\n[INFO] --- surefire:3.2.5:test (default) @ Java-TestNG-Selenium ---\r\n[INFO] Skipping execution of surefire because it has already been run for this configuration\r\n[INFO] ------------------------------------------------------------------------\r\n[INFO] BUILD SUCCESS\r\n[INFO] ------------------------------------------------------------------------\r\n[INFO] Total time:  2.946 s\r\n[INFO] Finished at: 2024-02-01T16:51:10+05:30\r\n[INFO] ------------------------------------------------------------------------\r\n"}
{"level":"debug","time":"2024-02-01T16:51:10.391+0530","caller":"testdiscoverer/discoverer.go:194","msg":"Stderr: SLF4J: Failed to load class \"org.slf4j.impl.StaticLoggerBinder\".\r\nSLF4J: Defaulting to no-operation (NOP) logger implementation\r\nSLF4J: See http://www.slf4j.org/codes.html#StaticLoggerBinder for further details.\r\n"}
{"level":"info","time":"2024-02-01T16:51:10.893+0530","caller":"core/lifecycle.go:306","msg":"Total tests discovered: 1"}
{"level":"info","time":"2024-02-01T16:51:12.285+0530","caller":"core/lifecycle.go:374","msg":"\u001b[102m\u001b[1m\u001b[30mYou've consumed 13.54 % of your limit. Free trial mins left - 259.39\u001b[0m\u001b[0m\u001b[0m"}
{"level":"debug","time":"2024-02-01T16:51:12.286+0530","caller":"core/lifecycle.go:404","msg":"Job ID: 88ef5fc9-5ea3-456d-9f1b-c699e1ca0a7a"}
{"level":"debug","time":"2024-02-01T16:51:12.288+0530","caller":"archivemanager/setup.go:340","msg":"digestMap: map[]"}
{"level":"debug","time":"2024-02-01T16:51:12.289+0530","caller":"archivemanager/setup.go:346","msg":"Creating archive of target directory: C:\\HyperExecute Assignment\\java-testng-selenium"}
{"level":"debug","time":"2024-02-01T16:51:12.305+0530","caller":"core/lifecycle.go:539","msg":"Zip file size: 166.81 kB"}
{"level":"debug","time":"2024-02-01T16:51:12.305+0530","caller":"core/lifecycle.go:549","msg":"Archive location: C:\\HyperExecute Assignment\\java-testng-selenium\\hyperexecute-code-88ef5fc9-5ea3-456d-9f1b-c699e1ca0a7a.zip\n"}
{"level":"debug","time":"2024-02-01T16:51:12.315+0530","caller":"storage/azure.go:55","msg":"Payload size: 166.81 kB, source path C:\\HyperExecute Assignment\\java-testng-selenium\\hyperexecute-code-88ef5fc9-5ea3-456d-9f1b-c699e1ca0a7a.zip"}
{"level":"debug","time":"2024-02-01T16:51:12.709+0530","caller":"storage/azure.go:55","msg":"Payload size: 3.09 kB, source path C:\\Users\\jayas\\AppData\\Local\\Temp\\git.diff"}
{"level":"debug","time":"2024-02-01T16:51:17.604+0530","caller":"receptionmanager/setup.go:217","msg":"only one runtime entry detected, mapping it to older yaml format"}
{"level":"debug","time":"2024-02-01T16:51:17.605+0530","caller":"receptionmanager/setup.go:149","msg":"Uploading yaml : C:\\HyperExecute Assignment\\java-testng-selenium\\.updatedhyperexecute.yaml"}
{"level":"debug","time":"2024-02-01T16:51:17.611+0530","caller":"storage/azure.go:55","msg":"Payload size: 1.85 kB, source path C:\\HyperExecute Assignment\\java-testng-selenium\\.updatedhyperexecute.yaml"}
{"level":"debug","time":"2024-02-01T16:51:20.838+0530","caller":"core/lifecycle.go:577","msg":"Successfully deleted code archive: C:\\HyperExecute Assignment\\java-testng-selenium\\hyperexecute-code-88ef5fc9-5ea3-456d-9f1b-c699e1ca0a7a.zip\n"}
{"level":"info","time":"2024-02-01T16:51:27.058+0530","caller":"jobmanager/setup.go:129","msg":"Job 88ef5fc9-5ea3-456d-9f1b-c699e1ca0a7a has started RUNNING"}
{"level":"info","time":"2024-02-01T16:51:27.059+0530","caller":"jobmanager/setup.go:372","msg":"Job Link: https://hyperexecute.lambdatest.com/hyperexecute/task?jobId=88ef5fc9-5ea3-456d-9f1b-c699e1ca0a7a\n"}
{"level":"debug","time":"2024-02-01T16:51:27.059+0530","caller":"jobmanager/setup.go:138","msg":"New Tasks generated"}
{"level":"debug","time":"2024-02-01T16:51:27.059+0530","caller":"jobmanager/setup.go:149","msg":"Task id: 1dc99191-4a8d-4c64-9510-c682ea39759e"}
{"level":"debug","time":"2024-02-01T16:51:27.059+0530","caller":"jobmanager/setup.go:152","msg":"Sending new task alert to stage manager for taskId: 1dc99191-4a8d-4c64-9510-c682ea39759e"}
{"level":"info","time":"2024-02-01T16:51:28.290+0530","caller":"terminal/terminal.go:185","msg":" [1]  cache-download (3s)\n"}
{"level":"info","time":"2024-02-01T16:51:43.433+0530","caller":"terminal/terminal.go:185","msg":" [1]  setup-runtime (12s)\n"}
{"level":"info","time":"2024-02-01T16:51:49.312+0530","caller":"terminal/terminal.go:185","msg":" [1]  pre (3s)\n"}
{"level":"info","time":"2024-02-01T16:51:53.457+0530","caller":"terminal/terminal.go:185","msg":" [1]  discovery (1s)\n"}
{"level":"info","time":"2024-02-01T16:52:08.873+0530","caller":"terminal/terminal.go:185","msg":" [1]  com.lambdatest.TestNGTodo2#basicTest (11s)\n"}
{"level":"info","time":"2024-02-01T16:52:12.051+0530","caller":"terminal/terminal.go:185","msg":" [1]  post (1s)\n"}
{"level":"info","time":"2024-02-01T16:52:22.073+0530","caller":"jobmanager/setup.go:131","msg":"Job 88ef5fc9-5ea3-456d-9f1b-c699e1ca0a7a has COMPLETED"}
{"level":"info","time":"2024-02-01T16:52:22.073+0530","caller":"jobmanager/setup.go:372","msg":"Job Link: https://hyperexecute.lambdatest.com/hyperexecute/task?jobId=88ef5fc9-5ea3-456d-9f1b-c699e1ca0a7a\n"}
{"level":"debug","time":"2024-02-01T16:52:22.097+0530","caller":"jobmanager/setup.go:204","msg":"\n\nJob status"}
{"level":"info","time":"2024-02-01T16:52:22.097+0530","caller":"jobmanager/setup.go:210","msg":"\n\nJob status"}
{"level":"info","time":"2024-02-01T16:52:22.098+0530","caller":"jobmanager/setup.go:220","msg":" ID: 88ef5fc9-5ea3-456d-9f1b-c699e1ca0a7a\n Status: COMPLETED\n Remark: \n OrgID: 1683030\n Created: 2024-02-01 11:21:11 +0000 UTC\n Updated: 2024-02-01 11:22:18 +0000 UTC\n global timeout: 150\n testsuite timeout: 150\n retry on failure: true\n start time: 2024-02-01 11:21:21 +0000 UTC\n end time: 2024-02-01 11:22:18 +0000 UTC\n duration: 57s"}
{"level":"info","time":"2024-02-01T16:52:22.099+0530","caller":"jobmanager/setup.go:225","msg":"\n\nTask status\n"}
{"level":"info","time":"2024-02-01T16:52:22.099+0530","caller":"jobmanager/setup.go:231","msg":" ID: 1dc99191-4a8d-4c64-9510-c682ea39759e\n Status: completed\n Remark: completed\n Created: 2024-02-01 11:21:20 +0000 UTC\n Updated: 2024-02-01 11:22:18 +0000 UTC\n context: {\"_jobId\": \"88ef5fc9-5ea3-456d-9f1b-c699e1ca0a7a\", \"_taskId\": \"1dc99191-4a8d-4c64-9510-c682ea39759e\"}\n tunnel name: \n os: linux\n start time: 2024-02-01 11:21:21 +0000 UTC\n end time: 2024-02-01 11:22:18 +0000 UTC\n duration: 57s"}
{"level":"info","time":"2024-02-01T16:52:22.099+0530","caller":"jobmanager/setup.go:236","msg":"\n"}
{"level":"info","time":"2024-02-01T16:52:22.100+0530","caller":"jobmanager/JobSummaryManager.go:37","msg":"\n COMPLETED \n"}
{"level":"debug","time":"2024-02-01T16:52:22.100+0530","caller":"apiserver/setup.go:94","msg":"Shutting down the api server"}
{"level":"debug","time":"2024-02-01T16:52:22.100+0530","caller":"core/lifecycle.go:740","msg":"Context canceled"}
{"level":"info","time":"2024-02-01T16:52:22.100+0530","caller":"jobmanager/JobSummaryManager.go:96","msg":"    Test Execution Time:                  1s"}
{"level":"info","time":"2024-02-01T16:52:22.101+0530","caller":"jobmanager/JobSummaryManager.go:96","msg":"    Job Duration Time:                    57s"}
{"level":"info","time":"2024-02-01T16:52:22.101+0530","caller":"core/lifecycle.go:743","msg":"Stopping pipeline gracefully"}
{"level":"info","time":"2024-02-01T16:52:22.101+0530","caller":"jobmanager/JobSummaryManager.go:96","msg":"    Total Tasks:                          1"}
{"level":"info","time":"2024-02-01T16:52:22.102+0530","caller":"jobmanager/setup.go:372","msg":"Job Link: https://hyperexecute.lambdatest.com/hyperexecute/task?jobId=88ef5fc9-5ea3-456d-9f1b-c699e1ca0a7a\n"}
{"level":"info","time":"2024-02-01T16:52:22.102+0530","caller":"jobmanager/JobSummaryManager.go:96","msg":"    Cumulative Time Consumed:             57s"}
{"level":"debug","time":"2024-02-01T16:52:22.102+0530","caller":"core/lifecycle.go:54","msg":"Quit requested from main goroutine...."}
{"level":"info","time":"2024-02-01T16:52:22.102+0530","caller":"jobmanager/JobSummaryManager.go:96","msg":"    Total Stages:                         4"}
{"level":"debug","time":"2024-02-01T16:52:22.102+0530","caller":"core/lifecycle.go:55","msg":"Waiting for the goroutines to exit"}
{"level":"info","time":"2024-02-01T16:52:22.102+0530","caller":"jobmanager/JobSummaryManager.go:96","msg":"    Pass discovery stage percentage:      100.00%"}
{"level":"debug","time":"2024-02-01T16:52:22.102+0530","caller":"core/lifecycle.go:58","msg":"All lifecycle goroutines exited"}
{"level":"info","time":"2024-02-01T16:52:22.102+0530","caller":"jobmanager/JobSummaryManager.go:96","msg":"    Failed discovery stage percentage:    0.00%"}
{"level":"debug","time":"2024-02-01T16:52:22.102+0530","caller":"cmd/bin.go:263","msg":"main: all goroutines have finished."}
{"level":"debug","time":"2024-02-01T17:00:58.779+0530","caller":"cmd/bin.go:100","msg":"cli os: windows, cli arch: amd64"}
{"level":"debug","time":"2024-02-01T17:00:59.298+0530","caller":"cmd/bin.go:108","msg":"Upstream version: {Name: Min:0.2.152 Max:0.2.152} "}
{"level":"debug","time":"2024-02-01T17:01:02.772+0530","caller":"core/lifecycle.go:116","msg":"Setting environment"}
{"level":"debug","time":"2024-02-01T17:01:02.774+0530","caller":"core/lifecycle.go:119","msg":"Parsing config"}
{"level":"debug","time":"2024-02-01T17:01:02.774+0530","caller":"yamlconfigmanager/setup.go:498","msg":"Custom location for .hyperexecute.yaml specified. Using: hyperexecute.yaml"}
{"level":"debug","time":"2024-02-01T17:01:02.775+0530","caller":"yamlconfigmanager/setup.go:85","msg":"using hyperexecute config from : hyperexecute.yaml"}
{"level":"debug","time":"2024-02-01T17:01:03.456+0530","caller":"yamlconfigmanager/setup.go:1956","msg":"Autodetecting test type in files of path : C:\\HyperExecute Assignment\\java-testng-selenium"}
{"level":"debug","time":"2024-02-01T17:01:03.458+0530","caller":"yamlconfigmanager/setup.go:377","msg":"Tunnel: false"}
{"level":"info","time":"2024-02-01T17:01:03.459+0530","caller":"models/HypertestYamlConfig.go:589","msg":"\n\u001b[4m\u001b[1m\u001b[97mExecution Plan\u001b[0m\u001b[0m\u001b[0m"}
{"level":"info","time":"2024-02-01T17:01:03.459+0530","caller":"models/HypertestYamlConfig.go:393","msg":"Mode:    \u001b[36mautosplit\u001b[0m"}
{"level":"info","time":"2024-02-01T17:01:03.460+0530","caller":"models/HypertestYamlConfig.go:453","msg":"Runson:    \u001b[36mlinux\u001b[0m"}
{"level":"info","time":"2024-02-01T17:01:03.460+0530","caller":"models/HypertestYamlConfig.go:461","msg":"Concurrency:    \u001b[36m1\u001b[0m"}
{"level":"info","time":"2024-02-01T17:01:03.461+0530","caller":"models/HypertestYamlConfig.go:478","msg":"Framework:"}
{"level":"info","time":"2024-02-01T17:01:03.461+0530","caller":"models/HypertestYamlConfig.go:479","msg":"    Name:    \u001b[36mmaven/testng\u001b[0m"}
{"level":"info","time":"2024-02-01T17:01:03.462+0530","caller":"models/HypertestYamlConfig.go:484","msg":"    Flags:"}
{"level":"info","time":"2024-02-01T17:01:03.463+0530","caller":"models/HypertestYamlConfig.go:486","msg":"        \u001b[36m-Dtestngxml=single\u001b[0m"}
{"level":"info","time":"2024-02-01T17:01:03.463+0530","caller":"models/HypertestYamlConfig.go:511","msg":"    discoveryType:    \u001b[36mmethod\u001b[0m"}
{"level":"info","time":"2024-02-01T17:01:03.464+0530","caller":"models/HypertestYamlConfig.go:522","msg":"Report:    \u001b[36mdisabled\u001b[0m"}
{"level":"info","time":"2024-02-01T17:01:03.465+0530","caller":"models/HypertestYamlConfig.go:536","msg":"Artefacts:"}
{"level":"info","time":"2024-02-01T17:01:03.466+0530","caller":"models/HypertestYamlConfig.go:539","msg":"    ExecutionSnapshots:    \u001b[36mtarget/surefire-reports/\u001b[0m"}
{"level":"info","time":"2024-02-01T17:01:03.466+0530","caller":"models/HypertestYamlConfig.go:602","msg":""}
{"level":"debug","time":"2024-02-01T17:01:03.467+0530","caller":"filevalidator/setup.go:46","msg":"Warning: Checking data.json file in current directory, no dataJsonPath found in .hyperexecute.yaml"}
{"level":"debug","time":"2024-02-01T17:01:03.468+0530","caller":"filevalidator/setup.go:50","msg":"Warning: data.json file doesn't exist"}
{"level":"debug","time":"2024-02-01T17:01:03.528+0530","caller":"apiserver/setup.go:129","msg":"Starting API server"}
{"level":"debug","time":"2024-02-01T17:01:03.590+0530","caller":"apiserver/setup.go:98","msg":"Starting API server for test results on port: 9191"}
{"level":"debug","time":"2024-02-01T17:01:04.737+0530","caller":"java/maven.go:78","msg":"got asset version details &{Name: Min:0.7 Max:0.7}"}
{"level":"debug","time":"2024-02-01T17:01:07.583+0530","caller":"java/maven.go:110","msg":"java runner already up to date"}
{"level":"debug","time":"2024-02-01T17:01:07.584+0530","caller":"testdiscoverer/discoverer.go:159","msg":"Running discovery command mvn test -Dframework=testng -Dtestngxml=single -Dmode=discover -DfailIfNoTests=false"}
{"level":"debug","time":"2024-02-01T17:01:12.676+0530","caller":"apiserver/setup.go:79","msg":"Tests discovered &{IsTestNGXmlSuite:true DiscoveredItems:[com.lambdatest.TestNGTodo2#basicTest]}"}
{"level":"debug","time":"2024-02-01T17:01:12.839+0530","caller":"testdiscoverer/discoverer.go:193","msg":"Stdout: [INFO] Scanning for projects...\r\n[INFO] Configured: Java-TestNG-Selenium\r\n[INFO] \r\n[INFO] -------------< Java-TestNG-Selenium:Java-TestNG-Selenium >--------------\r\n[INFO] Building Java-TestNG-Selenium 0.0.1-SNAPSHOT\r\n[INFO]   from pom.xml\r\n[INFO] --------------------------------[ jar ]---------------------------------\r\n[INFO] \r\n[INFO] --- resources:3.3.1:resources (default-resources) @ Java-TestNG-Selenium ---\r\n[WARNING] Using platform encoding (Cp1252 actually) to copy filtered resources, i.e. build is platform dependent!\r\n[INFO] skip non existing resourceDirectory C:\\HyperExecute Assignment\\java-testng-selenium\\Java-TestNG-Selenium\\src\r\n[INFO] \r\n[INFO] --- compiler:3.7.0:compile (default-compile) @ Java-TestNG-Selenium ---\r\n[INFO] No sources to compile\r\n[INFO] \r\n[INFO] --- resources:3.3.1:testResources (default-testResources) @ Java-TestNG-Selenium ---\r\n[WARNING] Using platform encoding (Cp1252 actually) to copy filtered resources, i.e. build is platform dependent!\r\n[INFO] skip non existing resourceDirectory C:\\HyperExecute Assignment\\java-testng-selenium\\src\\test\\resources\r\n[INFO] \r\n[INFO] --- compiler:3.7.0:testCompile (default-testCompile) @ Java-TestNG-Selenium ---\r\n[INFO] Nothing to compile - all classes are up to date\r\n[INFO] \r\n[INFO] --- surefire:3.2.5:test (default-test) @ Java-TestNG-Selenium ---\r\n[INFO] Using configured provider com.lambdatest.surefire.provider.TestNGProvider\r\n[INFO] \r\n[INFO] -------------------------------------------------------\r\n[INFO]  T E S T S\r\n[INFO] -------------------------------------------------------\r\n[INFO] Total tests discovered: 1\r\n[INFO] Total suites discovered: 1\r\n[INFO] request body: {\"discoveredItems\":[\"com.lambdatest.TestNGTodo2#basicTest\"],\"testNGXMLSuite\":true}\r\n[INFO] \r\n[INFO] Results:\r\n[INFO] \r\n[INFO] Tests run: 0, Failures: 0, Errors: 0, Skipped: 0\r\n[INFO] \r\n[WARNING] Corrupted channel by directly writing to native stream in forked JVM 1. See FAQ web page and the dump file C:\\HyperExecute Assignment\\java-testng-selenium\\target\\surefire-reports\\2024-02-01T17-01-10_948-jvmRun1.dumpstream\r\n[INFO] \r\n[INFO] --- surefire:3.2.5:test (default) @ Java-TestNG-Selenium ---\r\n[INFO] Skipping execution of surefire because it has already been run for this configuration\r\n[INFO] ------------------------------------------------------------------------\r\n[INFO] BUILD SUCCESS\r\n[INFO] ------------------------------------------------------------------------\r\n[INFO] Total time:  2.962 s\r\n[INFO] Finished at: 2024-02-01T17:01:12+05:30\r\n[INFO] ------------------------------------------------------------------------\r\n"}
{"level":"debug","time":"2024-02-01T17:01:12.844+0530","caller":"testdiscoverer/discoverer.go:194","msg":"Stderr: SLF4J: Failed to load class \"org.slf4j.impl.StaticLoggerBinder\".\r\nSLF4J: Defaulting to no-operation (NOP) logger implementation\r\nSLF4J: See http://www.slf4j.org/codes.html#StaticLoggerBinder for further details.\r\n"}
{"level":"info","time":"2024-02-01T17:01:13.345+0530","caller":"core/lifecycle.go:306","msg":"Total tests discovered: 1"}
{"level":"info","time":"2024-02-01T17:01:14.021+0530","caller":"core/lifecycle.go:374","msg":"\u001b[102m\u001b[1m\u001b[30mYou've consumed 13.86 % of your limit. Free trial mins left - 258.43\u001b[0m\u001b[0m\u001b[0m"}
{"level":"debug","time":"2024-02-01T17:01:14.022+0530","caller":"core/lifecycle.go:404","msg":"Job ID: c9262c8b-1a9b-4e8c-bb00-77cbd1e07db1"}
{"level":"debug","time":"2024-02-01T17:01:14.024+0530","caller":"archivemanager/setup.go:340","msg":"digestMap: map[]"}
{"level":"debug","time":"2024-02-01T17:01:14.025+0530","caller":"archivemanager/setup.go:346","msg":"Creating archive of target directory: C:\\HyperExecute Assignment\\java-testng-selenium"}
{"level":"debug","time":"2024-02-01T17:01:14.042+0530","caller":"core/lifecycle.go:539","msg":"Zip file size: 166.82 kB"}
{"level":"debug","time":"2024-02-01T17:01:14.042+0530","caller":"core/lifecycle.go:549","msg":"Archive location: C:\\HyperExecute Assignment\\java-testng-selenium\\hyperexecute-code-c9262c8b-1a9b-4e8c-bb00-77cbd1e07db1.zip\n"}
{"level":"debug","time":"2024-02-01T17:01:14.052+0530","caller":"storage/azure.go:55","msg":"Payload size: 166.82 kB, source path C:\\HyperExecute Assignment\\java-testng-selenium\\hyperexecute-code-c9262c8b-1a9b-4e8c-bb00-77cbd1e07db1.zip"}
{"level":"debug","time":"2024-02-01T17:01:14.429+0530","caller":"storage/azure.go:55","msg":"Payload size: 3.09 kB, source path C:\\Users\\jayas\\AppData\\Local\\Temp\\git.diff"}
{"level":"debug","time":"2024-02-01T17:01:19.400+0530","caller":"receptionmanager/setup.go:217","msg":"only one runtime entry detected, mapping it to older yaml format"}
{"level":"debug","time":"2024-02-01T17:01:19.401+0530","caller":"receptionmanager/setup.go:149","msg":"Uploading yaml : C:\\HyperExecute Assignment\\java-testng-selenium\\.updatedhyperexecute.yaml"}
{"level":"debug","time":"2024-02-01T17:01:19.410+0530","caller":"storage/azure.go:55","msg":"Payload size: 1.86 kB, source path C:\\HyperExecute Assignment\\java-testng-selenium\\.updatedhyperexecute.yaml"}
{"level":"debug","time":"2024-02-01T17:01:22.627+0530","caller":"core/lifecycle.go:577","msg":"Successfully deleted code archive: C:\\HyperExecute Assignment\\java-testng-selenium\\hyperexecute-code-c9262c8b-1a9b-4e8c-bb00-77cbd1e07db1.zip\n"}
{"level":"info","time":"2024-02-01T17:01:28.813+0530","caller":"jobmanager/setup.go:129","msg":"Job c9262c8b-1a9b-4e8c-bb00-77cbd1e07db1 has started RUNNING"}
{"level":"info","time":"2024-02-01T17:01:28.814+0530","caller":"jobmanager/setup.go:372","msg":"Job Link: https://hyperexecute.lambdatest.com/hyperexecute/task?jobId=c9262c8b-1a9b-4e8c-bb00-77cbd1e07db1\n"}
{"level":"debug","time":"2024-02-01T17:01:28.814+0530","caller":"jobmanager/setup.go:138","msg":"New Tasks generated"}
{"level":"debug","time":"2024-02-01T17:01:28.814+0530","caller":"jobmanager/setup.go:149","msg":"Task id: e1b80014-676e-41af-8998-5b41e4edac9b"}
{"level":"debug","time":"2024-02-01T17:01:28.814+0530","caller":"jobmanager/setup.go:152","msg":"Sending new task alert to stage manager for taskId: e1b80014-676e-41af-8998-5b41e4edac9b"}
{"level":"info","time":"2024-02-01T17:01:29.131+0530","caller":"terminal/terminal.go:185","msg":" [1]  cache-download (2s)\n"}
{"level":"info","time":"2024-02-01T17:01:43.653+0530","caller":"terminal/terminal.go:185","msg":" [1]  setup-runtime (12s)\n"}
{"level":"info","time":"2024-02-01T17:01:49.650+0530","caller":"terminal/terminal.go:185","msg":" [1]  pre (2s)\n"}
{"level":"info","time":"2024-02-01T17:01:54.009+0530","caller":"terminal/terminal.go:185","msg":" [1]  discovery (2s)\n"}
{"level":"info","time":"2024-02-01T17:02:08.450+0530","caller":"terminal/terminal.go:185","msg":" [1]  com.lambdatest.TestNGTodo2#basicTest (10s)\n"}
{"level":"info","time":"2024-02-01T17:02:11.247+0530","caller":"terminal/terminal.go:185","msg":" [1]  post (1s)\n"}
{"level":"info","time":"2024-02-01T17:02:18.815+0530","caller":"jobmanager/setup.go:131","msg":"Job c9262c8b-1a9b-4e8c-bb00-77cbd1e07db1 has COMPLETED"}
{"level":"info","time":"2024-02-01T17:02:18.816+0530","caller":"jobmanager/setup.go:372","msg":"Job Link: https://hyperexecute.lambdatest.com/hyperexecute/task?jobId=c9262c8b-1a9b-4e8c-bb00-77cbd1e07db1\n"}
{"level":"debug","time":"2024-02-01T17:02:18.838+0530","caller":"jobmanager/setup.go:204","msg":"\n\nJob status"}
{"level":"info","time":"2024-02-01T17:02:18.839+0530","caller":"jobmanager/setup.go:210","msg":"\n\nJob status"}
{"level":"info","time":"2024-02-01T17:02:18.840+0530","caller":"jobmanager/setup.go:220","msg":" ID: c9262c8b-1a9b-4e8c-bb00-77cbd1e07db1\n Status: COMPLETED\n Remark: \n OrgID: 1683030\n Created: 2024-02-01 11:31:13 +0000 UTC\n Updated: 2024-02-01 11:32:17 +0000 UTC\n global timeout: 150\n testsuite timeout: 150\n retry on failure: true\n start time: 2024-02-01 11:31:23 +0000 UTC\n end time: 2024-02-01 11:32:17 +0000 UTC\n duration: 54s"}
{"level":"info","time":"2024-02-01T17:02:18.842+0530","caller":"jobmanager/setup.go:225","msg":"\n\nTask status\n"}
{"level":"info","time":"2024-02-01T17:02:18.843+0530","caller":"jobmanager/setup.go:231","msg":" ID: e1b80014-676e-41af-8998-5b41e4edac9b\n Status: completed\n Remark: completed\n Created: 2024-02-01 11:31:22 +0000 UTC\n Updated: 2024-02-01 11:32:17 +0000 UTC\n context: {\"_jobId\": \"c9262c8b-1a9b-4e8c-bb00-77cbd1e07db1\", \"_taskId\": \"e1b80014-676e-41af-8998-5b41e4edac9b\"}\n tunnel name: \n os: linux\n start time: 2024-02-01 11:31:23 +0000 UTC\n end time: 2024-02-01 11:32:17 +0000 UTC\n duration: 54s"}
{"level":"info","time":"2024-02-01T17:02:18.846+0530","caller":"jobmanager/setup.go:236","msg":"\n"}
{"level":"debug","time":"2024-02-01T17:02:18.846+0530","caller":"apiserver/setup.go:94","msg":"Shutting down the api server"}
{"level":"info","time":"2024-02-01T17:02:18.846+0530","caller":"jobmanager/JobSummaryManager.go:37","msg":"\n COMPLETED \n"}
{"level":"debug","time":"2024-02-01T17:02:18.846+0530","caller":"core/lifecycle.go:740","msg":"Context canceled"}
{"level":"info","time":"2024-02-01T17:02:18.848+0530","caller":"jobmanager/JobSummaryManager.go:96","msg":"    Test Execution Time:                  1s"}
{"level":"info","time":"2024-02-01T17:02:18.849+0530","caller":"core/lifecycle.go:743","msg":"Stopping pipeline gracefully"}
{"level":"info","time":"2024-02-01T17:02:18.850+0530","caller":"jobmanager/JobSummaryManager.go:96","msg":"    Job Duration Time:                    54s"}
{"level":"info","time":"2024-02-01T17:02:18.852+0530","caller":"jobmanager/JobSummaryManager.go:96","msg":"    Total Tasks:                          1"}
{"level":"info","time":"2024-02-01T17:02:18.851+0530","caller":"jobmanager/setup.go:372","msg":"Job Link: https://hyperexecute.lambdatest.com/hyperexecute/task?jobId=c9262c8b-1a9b-4e8c-bb00-77cbd1e07db1\n"}
{"level":"info","time":"2024-02-01T17:02:18.852+0530","caller":"jobmanager/JobSummaryManager.go:96","msg":"    Cumulative Time Consumed:             54s"}
{"level":"debug","time":"2024-02-01T17:02:18.853+0530","caller":"core/lifecycle.go:54","msg":"Quit requested from main goroutine...."}
{"level":"info","time":"2024-02-01T17:02:18.853+0530","caller":"jobmanager/JobSummaryManager.go:96","msg":"    Total Stages:                         4"}
{"level":"debug","time":"2024-02-01T17:02:18.854+0530","caller":"core/lifecycle.go:55","msg":"Waiting for the goroutines to exit"}
{"level":"info","time":"2024-02-01T17:02:18.855+0530","caller":"jobmanager/JobSummaryManager.go:96","msg":"    Pass discovery stage percentage:      100.00%"}
{"level":"debug","time":"2024-02-01T17:02:18.855+0530","caller":"core/lifecycle.go:58","msg":"All lifecycle goroutines exited"}
{"level":"info","time":"2024-02-01T17:02:18.855+0530","caller":"jobmanager/JobSummaryManager.go:96","msg":"    Failed discovery stage percentage:    0.00%"}
{"level":"debug","time":"2024-02-01T17:02:18.856+0530","caller":"cmd/bin.go:263","msg":"main: all goroutines have finished."}
